<?xml version='1.0' encoding='UTF-8'?>
<testsuite hostname="cloud122" name="io.projectglow.vcf.SingleFileVCFWriterSuite" tests="37" errors="0" failures="0" skipped="0" time="30.358" timestamp="2023-11-03T13:38:35">
                     <properties>
[...]
</properties>
                     <testcase classname="io.projectglow.vcf.SingleFileVCFWriterSuite" name="Read single sample VCF with VCF parser ((flattenInfoFields,true))" time="0.391">
                                                 
                                               </testcase><testcase classname="io.projectglow.vcf.SingleFileVCFWriterSuite" name="Read single sample VCF with VCF parser ((,))" time="0.372">
                                                 
                                               </testcase><testcase classname="io.projectglow.vcf.SingleFileVCFWriterSuite" name="Read multi-sample VCF with VCF parser ((flattenInfoFields,true))" time="0.26">
                                                 
                                               </testcase><testcase classname="io.projectglow.vcf.SingleFileVCFWriterSuite" name="Read multi-sample VCF with VCF parser ((,))" time="0.244">
                                                 
                                               </testcase><testcase classname="io.projectglow.vcf.SingleFileVCFWriterSuite" name="Read VEP VCF with VCF parser ((flattenInfoFields,true))" time="0.282">
                                                 
                                               </testcase><testcase classname="io.projectglow.vcf.SingleFileVCFWriterSuite" name="Read VEP VCF with VCF parser ((,))" time="0.239">
                                                 
                                               </testcase><testcase classname="io.projectglow.vcf.SingleFileVCFWriterSuite" name="Read Loftee VCF with VCF parser ((flattenInfoFields,true))" time="0.358">
                                                 
                                               </testcase><testcase classname="io.projectglow.vcf.SingleFileVCFWriterSuite" name="Read Loftee VCF with VCF parser ((,))" time="0.319">
                                                 
                                               </testcase><testcase classname="io.projectglow.vcf.SingleFileVCFWriterSuite" name="Read SnpEff VCF with VCF parser ((flattenInfoFields,true))" time="0.274">
                                                 
                                               </testcase><testcase classname="io.projectglow.vcf.SingleFileVCFWriterSuite" name="Read SnpEff VCF with VCF parser ((,))" time="0.251">
                                                 
                                               </testcase><testcase classname="io.projectglow.vcf.SingleFileVCFWriterSuite" name="Use VCF parser without sample IDs" time="0.409">
                                                 
                                               </testcase><testcase classname="io.projectglow.vcf.SingleFileVCFWriterSuite" name="Use VCF parser without sample IDs (many partitions)" time="3.536">
                                                 
                                               </testcase><testcase classname="io.projectglow.vcf.SingleFileVCFWriterSuite" name="Use VCF parser with sample IDs (many partitions)" time="3.429">
                                                 
                                               </testcase><testcase classname="io.projectglow.vcf.SingleFileVCFWriterSuite" name="Strict validation stringency" time="0.218">
                                                 
                                               </testcase><testcase classname="io.projectglow.vcf.SingleFileVCFWriterSuite" name="Output bgzf compressed file" time="0.236">
                                                 
                                               </testcase><testcase classname="io.projectglow.vcf.SingleFileVCFWriterSuite" name="Output gzip compressed file" time="0.239">
                                                 
                                               </testcase><testcase classname="io.projectglow.vcf.SingleFileVCFWriterSuite" name="variant context validation settings obey stringency" time="0.218">
                                                 
                                               </testcase><testcase classname="io.projectglow.vcf.SingleFileVCFWriterSuite" name="Provided header is sorted" time="0.162">
                                                 
                                               </testcase><testcase classname="io.projectglow.vcf.SingleFileVCFWriterSuite" name="Path header" time="1.017">
                                                 
                                               </testcase><testcase classname="io.projectglow.vcf.SingleFileVCFWriterSuite" name="Infer header" time="0.233">
                                                 
                                               </testcase><testcase classname="io.projectglow.vcf.SingleFileVCFWriterSuite" name="Empty file with inferred header" time="0.067">
                                                 
                                               </testcase><testcase classname="io.projectglow.vcf.SingleFileVCFWriterSuite" name="Empty file with determined header" time="0.216">
                                                 
                                               </testcase><testcase classname="io.projectglow.vcf.SingleFileVCFWriterSuite" name="No genotypes column" time="0.197">
                                                 
                                               </testcase><testcase classname="io.projectglow.vcf.SingleFileVCFWriterSuite" name="No sample IDs column" time="0.342">
                                                 
                                               </testcase><testcase classname="io.projectglow.vcf.SingleFileVCFWriterSuite" name="write succeeds if optional fields are dropped" time="8.676">
                                                 
                                               </testcase><testcase classname="io.projectglow.vcf.SingleFileVCFWriterSuite" name="validate schema before write" time="0.303">
                                                 
                                               </testcase><testcase classname="io.projectglow.vcf.SingleFileVCFWriterSuite" name="validate genotype schema before write" time="0.405">
                                                 
                                               </testcase><testcase classname="io.projectglow.vcf.SingleFileVCFWriterSuite" name="Corrupted header lines are not written" time="0.09">
                                                 
                                               </testcase><testcase classname="io.projectglow.vcf.SingleFileVCFWriterSuite" name="Invalid validation stringency" time="0.208">
                                                 
                                               </testcase><testcase classname="io.projectglow.vcf.SingleFileVCFWriterSuite" name="Check BGZF" time="3.257">
                                                 
                                               </testcase><testcase classname="io.projectglow.vcf.SingleFileVCFWriterSuite" name="Some empty partitions and by default infer sample IDs" time="0.527">
                                                 
                                               </testcase><testcase classname="io.projectglow.vcf.SingleFileVCFWriterSuite" name="Some empty partitions and explicitly infer sample IDs" time="0.499">
                                                 
                                               </testcase><testcase classname="io.projectglow.vcf.SingleFileVCFWriterSuite" name="Bigvcf header check for empty file with determined header" time="0.129">
                                                 
                                               </testcase><testcase classname="io.projectglow.vcf.SingleFileVCFWriterSuite" name="Unions inferred sample IDs" time="0.997">
                                                 
                                               </testcase><testcase classname="io.projectglow.vcf.SingleFileVCFWriterSuite" name="Matching number of missing sample IDs" time="0.997">
                                                 
                                               </testcase><testcase classname="io.projectglow.vcf.SingleFileVCFWriterSuite" name="Mixed inferred and missing sample IDs" time="0.339">
                                                 
                                               </testcase><testcase classname="io.projectglow.vcf.SingleFileVCFWriterSuite" name="Non-matching number of missing sample IDs" time="0.422">
                                                 
                                               </testcase>
                     <system-out><![CDATA[]]></system-out>
                     <system-err><![CDATA[]]></system-err>
                   </testsuite>