<?xml version='1.0' encoding='UTF-8'?>
<testsuite hostname="cloud122" name="io.projectglow.tertiary.VariantQcExprsSuite" tests="34" errors="0" failures="0" skipped="0" time="1.49" timestamp="2023-11-03T13:37:52">
                     <properties>
[...]
</properties>
                     <testcase classname="io.projectglow.tertiary.VariantQcExprsSuite" name="missing" time="0.102">
                                                 
                                               </testcase><testcase classname="io.projectglow.tertiary.VariantQcExprsSuite" name="hardy weinberg" time="0.076">
                                                 
                                               </testcase><testcase classname="io.projectglow.tertiary.VariantQcExprsSuite" name="hardy weinberg doesn't crash if there are no homozygous" time="0.109">
                                                 
                                               </testcase><testcase classname="io.projectglow.tertiary.VariantQcExprsSuite" name="call stats" time="0.093">
                                                 
                                               </testcase><testcase classname="io.projectglow.tertiary.VariantQcExprsSuite" name="call stats (missing genotypes)" time="0.095">
                                                 
                                               </testcase><testcase classname="io.projectglow.tertiary.VariantQcExprsSuite" name="call stats (haploid)" time="0.082">
                                                 
                                               </testcase><testcase classname="io.projectglow.tertiary.VariantQcExprsSuite" name="call stats (weird genotype struct)" time="0.05">
                                                 
                                               </testcase><testcase classname="io.projectglow.tertiary.VariantQcExprsSuite" name="array stats" time="0.03">
                                                 
                                               </testcase><testcase classname="io.projectglow.tertiary.VariantQcExprsSuite" name="array stats (empty)" time="0.019">
                                                 
                                               </testcase><testcase classname="io.projectglow.tertiary.VariantQcExprsSuite" name="array stats (1 element)" time="0.02">
                                                 
                                               </testcase><testcase classname="io.projectglow.tertiary.VariantQcExprsSuite" name="array stats (contains null)" time="0.026">
                                                 
                                               </testcase><testcase classname="io.projectglow.tertiary.VariantQcExprsSuite" name="array stats (negative values)" time="0.034">
                                                 
                                               </testcase><testcase classname="io.projectglow.tertiary.VariantQcExprsSuite" name="dp stats" time="0.082">
                                                 
                                               </testcase><testcase classname="io.projectglow.tertiary.VariantQcExprsSuite" name="gq stats" time="0.073">
                                                 
                                               </testcase><testcase classname="io.projectglow.tertiary.VariantQcExprsSuite" name="write to parquet" time="0.222">
                                                 
                                               </testcase><testcase classname="io.projectglow.tertiary.VariantQcExprsSuite" name="analysis error when genotype doesn't exist for call stats" time="0.003">
                                                 
                                               </testcase><testcase classname="io.projectglow.tertiary.VariantQcExprsSuite" name="analysis error when genotype doesn't exist for hardy weinberg" time="0.003">
                                                 
                                               </testcase><testcase classname="io.projectglow.tertiary.VariantQcExprsSuite" name="analysis error when genotype is missing calls for call stats" time="0.045">
                                                 
                                               </testcase><testcase classname="io.projectglow.tertiary.VariantQcExprsSuite" name="mean substitute for array of doubles" time="0.044">
                                                 
                                               </testcase><testcase classname="io.projectglow.tertiary.VariantQcExprsSuite" name="mean substitute for array of ints" time="0.024">
                                                 
                                               </testcase><testcase classname="io.projectglow.tertiary.VariantQcExprsSuite" name="mean substitute with one non-missing element" time="0.02">
                                                 
                                               </testcase><testcase classname="io.projectglow.tertiary.VariantQcExprsSuite" name="mean substitute with all missing elements" time="0.02">
                                                 
                                               </testcase><testcase classname="io.projectglow.tertiary.VariantQcExprsSuite" name="mean substitution's default missing value is -1" time="0.02">
                                                 
                                               </testcase><testcase classname="io.projectglow.tertiary.VariantQcExprsSuite" name="mean substitute big array" time="0.083">
                                                 
                                               </testcase><testcase classname="io.projectglow.tertiary.VariantQcExprsSuite" name="null array" time="0.019">
                                                 
                                               </testcase><testcase classname="io.projectglow.tertiary.VariantQcExprsSuite" name="empty array" time="0.018">
                                                 
                                               </testcase><testcase classname="io.projectglow.tertiary.VariantQcExprsSuite" name="array with no missing values" time="0.018">
                                                 
                                               </testcase><testcase classname="io.projectglow.tertiary.VariantQcExprsSuite" name="unsupported array type" time="0.003">
                                                 
                                               </testcase><testcase classname="io.projectglow.tertiary.VariantQcExprsSuite" name="unsupported type for array arg" time="0.003">
                                                 
                                               </testcase><testcase classname="io.projectglow.tertiary.VariantQcExprsSuite" name="unsupported missing value type" time="0.003">
                                                 
                                               </testcase><testcase classname="io.projectglow.tertiary.VariantQcExprsSuite" name="assert_true_or_error error message must be constant" time="0.005">
                                                 
                                               </testcase><testcase classname="io.projectglow.tertiary.VariantQcExprsSuite" name="assert_true_or_error returns null if condition passes" time="0.022">
                                                 
                                               </testcase><testcase classname="io.projectglow.tertiary.VariantQcExprsSuite" name="assert_true_or_error throws if condition fails" time="0.02">
                                                 
                                               </testcase><testcase classname="io.projectglow.tertiary.VariantQcExprsSuite" name="assert_true_or_error throws if value is null" time="0.004">
                                                 
                                               </testcase>
                     <system-out><![CDATA[]]></system-out>
                     <system-err><![CDATA[]]></system-err>
                   </testsuite>