<?xml version='1.0' encoding='UTF-8'?>
<testsuite hostname="cloud122" name="io.projectglow.vcf.VCFDatasourceSuite" tests="44" errors="0" failures="0" skipped="0" time="3.559" timestamp="2023-11-03T13:38:05">
                     <properties>
[...]
</properties>
                     <testcase classname="io.projectglow.vcf.VCFDatasourceSuite" name="default schema" time="0.098">
                                                 
                                               </testcase><testcase classname="io.projectglow.vcf.VCFDatasourceSuite" name="parse VCF" time="0.066">
                                                 
                                               </testcase><testcase classname="io.projectglow.vcf.VCFDatasourceSuite" name="no sample ids" time="0.036">
                                                 
                                               </testcase><testcase classname="io.projectglow.vcf.VCFDatasourceSuite" name="with sample ids" time="0.099">
                                                 
                                               </testcase><testcase classname="io.projectglow.vcf.VCFDatasourceSuite" name="check parsed row" time="0.129">
                                                 
                                               </testcase><testcase classname="io.projectglow.vcf.VCFDatasourceSuite" name="multiple genotype fields" time="0.07">
                                                 
                                               </testcase><testcase classname="io.projectglow.vcf.VCFDatasourceSuite" name="filter with and without pushdown returns same results" time="0.417">
                                                 
                                               </testcase><testcase classname="io.projectglow.vcf.VCFDatasourceSuite" name="uncalled genotype" time="0.058">
                                                 
                                               </testcase><testcase classname="io.projectglow.vcf.VCFDatasourceSuite" name="uncalled diploid genotype" time="0.05">
                                                 
                                               </testcase><testcase classname="io.projectglow.vcf.VCFDatasourceSuite" name="phased genotype" time="0.053">
                                                 
                                               </testcase><testcase classname="io.projectglow.vcf.VCFDatasourceSuite" name="unphased genotype" time="0.053">
                                                 
                                               </testcase><testcase classname="io.projectglow.vcf.VCFDatasourceSuite" name="info field flags" time="0.05">
                                                 
                                               </testcase><testcase classname="io.projectglow.vcf.VCFDatasourceSuite" name="missing info values" time="0.096">
                                                 
                                               </testcase><testcase classname="io.projectglow.vcf.VCFDatasourceSuite" name="missing format values" time="0.066">
                                                 
                                               </testcase><testcase classname="io.projectglow.vcf.VCFDatasourceSuite" name="dropped trailing format values" time="0.054">
                                                 
                                               </testcase><testcase classname="io.projectglow.vcf.VCFDatasourceSuite" name="missing GT format field" time="0.089">
                                                 
                                               </testcase><testcase classname="io.projectglow.vcf.VCFDatasourceSuite" name="missing calls are -1 (zero present" time="0.055">
                                                 
                                               </testcase><testcase classname="io.projectglow.vcf.VCFDatasourceSuite" name="missing calls are -1 (only one present)" time="0.117">
                                                 
                                               </testcase><testcase classname="io.projectglow.vcf.VCFDatasourceSuite" name="set END field" time="0.047">
                                                 
                                               </testcase><testcase classname="io.projectglow.vcf.VCFDatasourceSuite" name="3" time="0.056">
                                                 
                                               </testcase><testcase classname="io.projectglow.vcf.VCFDatasourceSuite" name="splitToBiallelic option error message" time="0.034">
                                                 
                                               </testcase><testcase classname="io.projectglow.vcf.VCFDatasourceSuite" name="strict validation stringency" time="0.061">
                                                 
                                               </testcase><testcase classname="io.projectglow.vcf.VCFDatasourceSuite" name="validation stringency (format fields)" time="0.196">
                                                 
                                               </testcase><testcase classname="io.projectglow.vcf.VCFDatasourceSuite" name="invalid validation stringency" time="0.002">
                                                 
                                               </testcase><testcase classname="io.projectglow.vcf.VCFDatasourceSuite" name="check parsed row with flattened INFO fields" time="0.122">
                                                 
                                               </testcase><testcase classname="io.projectglow.vcf.VCFDatasourceSuite" name="flattened INFO fields schema does not include END key" time="0.033">
                                                 
                                               </testcase><testcase classname="io.projectglow.vcf.VCFDatasourceSuite" name="flattened INFO fields schema merged for multiple files" time="0.034">
                                                 
                                               </testcase><testcase classname="io.projectglow.vcf.VCFDatasourceSuite" name="prune a flattened INFO field" time="0.075">
                                                 
                                               </testcase><testcase classname="io.projectglow.vcf.VCFDatasourceSuite" name="parse string INFO fields" time="0.056">
                                                 
                                               </testcase><testcase classname="io.projectglow.vcf.VCFDatasourceSuite" name="partitioned file without all of header" time="0.01">
                                                 
                                               </testcase><testcase classname="io.projectglow.vcf.VCFDatasourceSuite" name="gzip splits are only read if they contain the beginning of the file" time="0.53">
                                                 
                                               </testcase><testcase classname="io.projectglow.vcf.VCFDatasourceSuite" name="misnumbered fields" time="0.053">
                                                 
                                               </testcase><testcase classname="io.projectglow.vcf.VCFDatasourceSuite" name="multiple rows" time="0.072">
                                                 
                                               </testcase><testcase classname="io.projectglow.vcf.VCFDatasourceSuite" name="infer non standard format fields" time="0.1">
                                                 
                                               </testcase><testcase classname="io.projectglow.vcf.VCFDatasourceSuite" name="be permissive if schema includes fields that can't be derived from VCF" time="0.044">
                                                 
                                               </testcase><testcase classname="io.projectglow.vcf.VCFDatasourceSuite" name="add BGZ codec when reading VCF" time="0.001">
                                                 
                                               </testcase><testcase classname="io.projectglow.vcf.VCFDatasourceSuite" name="uncompressed files are splitable" time="0.0">
                                                 
                                               </testcase><testcase classname="io.projectglow.vcf.VCFDatasourceSuite" name="Tolerate lower-case nan's" time="0.055">
                                                 
                                               </testcase><testcase classname="io.projectglow.vcf.VCFDatasourceSuite" name="Parse VEP" time="0.081">
                                                 
                                               </testcase><testcase classname="io.projectglow.vcf.VCFDatasourceSuite" name="Parse SnpEff" time="0.072">
                                                 
                                               </testcase><testcase classname="io.projectglow.vcf.VCFDatasourceSuite" name="Do not break when reading index file" time="0.032">
                                                 
                                               </testcase><testcase classname="io.projectglow.vcf.VCFDatasourceSuite" name="Do not break when reading directory with index files" time="0.059">
                                                 
                                               </testcase><testcase classname="io.projectglow.vcf.VCFDatasourceSuite" name="Do not break when reading VCFs with contig lines missing length" time="0.029">
                                                 
                                               </testcase><testcase classname="io.projectglow.vcf.VCFDatasourceSuite" name="prune genotype fields" time="0.049">
                                                 
                                               </testcase>
                     <system-out><![CDATA[]]></system-out>
                     <system-err><![CDATA[]]></system-err>
                   </testsuite>