<?xml version='1.0' encoding='UTF-8'?>
<testsuite hostname="cloud122" name="io.projectglow.bgen.BgenReaderSuite" tests="31" errors="0" failures="0" skipped="0" time="8.392" timestamp="2023-11-03T13:36:21">
                     <properties>
[...]
</properties>
                     <testcase classname="io.projectglow.bgen.BgenReaderSuite" name="unphased 8 bit" time="0.894">
                                                 
                                               </testcase><testcase classname="io.projectglow.bgen.BgenReaderSuite" name="unphased 16 bit (with missing samples)" time="0.624">
                                                 
                                               </testcase><testcase classname="io.projectglow.bgen.BgenReaderSuite" name="unphased 32 bit" time="0.623">
                                                 
                                               </testcase><testcase classname="io.projectglow.bgen.BgenReaderSuite" name="phased" time="0.156">
                                                 
                                               </testcase><testcase classname="io.projectglow.bgen.BgenReaderSuite" name="complex 16 bit" time="0.188">
                                                 
                                               </testcase><testcase classname="io.projectglow.bgen.BgenReaderSuite" name="skip entire file" time="0.004">
                                                 
                                               </testcase><testcase classname="io.projectglow.bgen.BgenReaderSuite" name="skip to last record" time="0.001">
                                                 
                                               </testcase><testcase classname="io.projectglow.bgen.BgenReaderSuite" name="read with spark" time="0.452">
                                                 
                                               </testcase><testcase classname="io.projectglow.bgen.BgenReaderSuite" name="read with spark (no index)" time="0.36">
                                                 
                                               </testcase><testcase classname="io.projectglow.bgen.BgenReaderSuite" name="read only certain fields" time="0.103">
                                                 
                                               </testcase><testcase classname="io.projectglow.bgen.BgenReaderSuite" name="be permissive if schema includes fields that can't be derived from BGEN" time="0.07">
                                                 
                                               </testcase><testcase classname="io.projectglow.bgen.BgenReaderSuite" name="sample file is provided" time="0.065">
                                                 
                                               </testcase><testcase classname="io.projectglow.bgen.BgenReaderSuite" name="Sample IDs present if no sample column provided but matches default" time="0.068">
                                                 
                                               </testcase><testcase classname="io.projectglow.bgen.BgenReaderSuite" name="sample file" time="0.004">
                                                 
                                               </testcase><testcase classname="io.projectglow.bgen.BgenReaderSuite" name="sample file if no samples in bgen file" time="0.059">
                                                 
                                               </testcase><testcase classname="io.projectglow.bgen.BgenReaderSuite" name="Throws if wrong provided column name" time="0.004">
                                                 
                                               </testcase><testcase classname="io.projectglow.bgen.BgenReaderSuite" name="Sample IDs present using provided column name" time="0.06">
                                                 
                                               </testcase><testcase classname="io.projectglow.bgen.BgenReaderSuite" name="Throws if default sample column doesn't match" time="0.004">
                                                 
                                               </testcase><testcase classname="io.projectglow.bgen.BgenReaderSuite" name="Skip non-bgen files" time="0.183">
                                                 
                                               </testcase><testcase classname="io.projectglow.bgen.BgenReaderSuite" name="schema does not include sample id field if there are no ids" time="0.036">
                                                 
                                               </testcase><testcase classname="io.projectglow.bgen.BgenReaderSuite" name="schema includes sample id if at least one file has ids" time="0.052">
                                                 
                                               </testcase><testcase classname="io.projectglow.bgen.BgenReaderSuite" name="schema includes sample id if sample id file is provided" time="0.013">
                                                 
                                               </testcase><testcase classname="io.projectglow.bgen.BgenReaderSuite" name="schema does not include sample ids if `includeSampleIds` is false" time="0.018">
                                                 
                                               </testcase><testcase classname="io.projectglow.bgen.BgenReaderSuite" name="schema does not include calls if `emitHardCalls` is false" time="0.037">
                                                 
                                               </testcase><testcase classname="io.projectglow.bgen.BgenReaderSuite" name="read zstd compressed file" time="0.598">
                                                 
                                               </testcase><testcase classname="io.projectglow.bgen.BgenReaderSuite" name="read uncompressed file" time="0.684">
                                                 
                                               </testcase><testcase classname="io.projectglow.bgen.BgenReaderSuite" name="9)" time="1.024">
                                                 
                                               </testcase><testcase classname="io.projectglow.bgen.BgenReaderSuite" name="9" time="0.62">
                                                 
                                               </testcase><testcase classname="io.projectglow.bgen.BgenReaderSuite" name="95" time="0.601">
                                                 
                                               </testcase><testcase classname="io.projectglow.bgen.BgenReaderSuite" name="hard call with phased" time="0.344">
                                                 
                                               </testcase><testcase classname="io.projectglow.bgen.BgenReaderSuite" name="mixed phased and ploidy" time="0.443">
                                                 
                                               </testcase>
                     <system-out><![CDATA[]]></system-out>
                     <system-err><![CDATA[]]></system-err>
                   </testsuite>