<?xml version='1.0' encoding='UTF-8'?>
<testsuite hostname="cloud122" name="io.projectglow.tertiary.AggregateByIndexSuite" tests="9" errors="0" failures="7" skipped="0" time="0.127" timestamp="2023-11-03T13:37:08">
                     <properties>
[...]
</properties>
                     <testcase classname="io.projectglow.tertiary.AggregateByIndexSuite" name="basic" time="0.007">
                                                 <failure message="org.apache.spark.sql.AnalysisException: A lambda function should only be used in a higher order function. However, its class is org.apache.spark.sql.catalyst.expressions.aggregate.AggregateExpression, which is not a higher order function.; line 1 pos 0" type="sbt.ForkMain$ForkError">sbt.ForkMain$ForkError: org.apache.spark.sql.AnalysisException: A lambda function should only be used in a higher order function. However, its class is org.apache.spark.sql.catalyst.expressions.aggregate.AggregateExpression, which is not a higher order function.; line 1 pos 0
	at org.apache.spark.sql.catalyst.analysis.package$AnalysisErrorAt.failAnalysis(package.scala:42)
	at org.apache.spark.sql.catalyst.analysis.Analyzer$ResolveFunctions$$anonfun$apply$25$$anonfun$applyOrElse$101.$anonfun$applyOrElse$103(Analyzer.scala:2092)
	at scala.Option.map(Option.scala:163)
	at org.apache.spark.sql.catalyst.analysis.Analyzer$ResolveFunctions$$anonfun$apply$25$$anonfun$applyOrElse$101.$anonfun$applyOrElse$102(Analyzer.scala:2087)
	at org.apache.spark.sql.catalyst.analysis.package$.withPosition(package.scala:60)
	at org.apache.spark.sql.catalyst.analysis.Analyzer$ResolveFunctions$$anonfun$apply$25$$anonfun$applyOrElse$101.applyOrElse(Analyzer.scala:2094)
	at org.apache.spark.sql.catalyst.analysis.Analyzer$ResolveFunctions$$anonfun$apply$25$$anonfun$applyOrElse$101.applyOrElse(Analyzer.scala:2084)
	at org.apache.spark.sql.catalyst.trees.TreeNode.$anonfun$transformDownWithPruning$1(TreeNode.scala:584)
	at org.apache.spark.sql.catalyst.trees.CurrentOrigin$.withOrigin(TreeNode.scala:176)
	at org.apache.spark.sql.catalyst.trees.TreeNode.transformDownWithPruning(TreeNode.scala:584)
	at org.apache.spark.sql.catalyst.trees.TreeNode.$anonfun$transformDownWithPruning$3(TreeNode.scala:589)
	at org.apache.spark.sql.catalyst.trees.UnaryLike.mapChildren(TreeNode.scala:1228)
	at org.apache.spark.sql.catalyst.trees.UnaryLike.mapChildren$(TreeNode.scala:1227)
	at org.apache.spark.sql.catalyst.expressions.UnaryExpression.mapChildren(Expression.scala:498)
	at org.apache.spark.sql.catalyst.trees.TreeNode.transformDownWithPruning(TreeNode.scala:589)
	at org.apache.spark.sql.catalyst.plans.QueryPlan.$anonfun$transformExpressionsDownWithPruning$1(QueryPlan.scala:159)
	at org.apache.spark.sql.catalyst.plans.QueryPlan.$anonfun$mapExpressions$1(QueryPlan.scala:200)
	at org.apache.spark.sql.catalyst.trees.CurrentOrigin$.withOrigin(TreeNode.scala:176)
	at org.apache.spark.sql.catalyst.plans.QueryPlan.transformExpression$1(QueryPlan.scala:200)
	at org.apache.spark.sql.catalyst.plans.QueryPlan.recursiveTransform$1(QueryPlan.scala:211)
	at org.apache.spark.sql.catalyst.plans.QueryPlan.$anonfun$mapExpressions$3(QueryPlan.scala:216)
	at scala.collection.TraversableLike.$anonfun$map$1(TraversableLike.scala:237)
	at scala.collection.mutable.ResizableArray.foreach(ResizableArray.scala:62)
	at scala.collection.mutable.ResizableArray.foreach$(ResizableArray.scala:55)
	at scala.collection.mutable.ArrayBuffer.foreach(ArrayBuffer.scala:49)
	at scala.collection.TraversableLike.map(TraversableLike.scala:237)
	at scala.collection.TraversableLike.map$(TraversableLike.scala:230)
	at scala.collection.AbstractTraversable.map(Traversable.scala:108)
	at org.apache.spark.sql.catalyst.plans.QueryPlan.recursiveTransform$1(QueryPlan.scala:216)
	at org.apache.spark.sql.catalyst.plans.QueryPlan.$anonfun$mapExpressions$4(QueryPlan.scala:221)
	at org.apache.spark.sql.catalyst.trees.TreeNode.mapProductIterator(TreeNode.scala:427)
	at org.apache.spark.sql.catalyst.plans.QueryPlan.mapExpressions(QueryPlan.scala:221)
	at org.apache.spark.sql.catalyst.plans.QueryPlan.transformExpressionsDownWithPruning(QueryPlan.scala:159)
	at org.apache.spark.sql.catalyst.plans.QueryPlan.transformExpressionsWithPruning(QueryPlan.scala:130)
	at org.apache.spark.sql.catalyst.analysis.Analyzer$ResolveFunctions$$anonfun$apply$25.applyOrElse(Analyzer.scala:2084)
	at org.apache.spark.sql.catalyst.analysis.Analyzer$ResolveFunctions$$anonfun$apply$25.applyOrElse(Analyzer.scala:2063)
	at org.apache.spark.sql.catalyst.plans.logical.AnalysisHelper.$anonfun$resolveOperatorsUpWithPruning$3(AnalysisHelper.scala:138)
	at org.apache.spark.sql.catalyst.trees.CurrentOrigin$.withOrigin(TreeNode.scala:176)
	at org.apache.spark.sql.catalyst.plans.logical.AnalysisHelper.$anonfun$resolveOperatorsUpWithPruning$1(AnalysisHelper.scala:138)
	at org.apache.spark.sql.catalyst.plans.logical.AnalysisHelper$.allowInvokingTransformsInAnalyzer(AnalysisHelper.scala:323)
	at org.apache.spark.sql.catalyst.plans.logical.AnalysisHelper.resolveOperatorsUpWithPruning(AnalysisHelper.scala:134)
	at org.apache.spark.sql.catalyst.plans.logical.AnalysisHelper.resolveOperatorsUpWithPruning$(AnalysisHelper.scala:130)
	at org.apache.spark.sql.catalyst.plans.logical.LogicalPlan.resolveOperatorsUpWithPruning(LogicalPlan.scala:30)
	at org.apache.spark.sql.catalyst.analysis.Analyzer$ResolveFunctions$.apply(Analyzer.scala:2063)
	at org.apache.spark.sql.catalyst.analysis.Analyzer$ResolveFunctions$.apply(Analyzer.scala:2059)
	at org.apache.spark.sql.catalyst.rules.RuleExecutor.$anonfun$execute$2(RuleExecutor.scala:211)
	at scala.collection.LinearSeqOptimized.foldLeft(LinearSeqOptimized.scala:126)
	at scala.collection.LinearSeqOptimized.foldLeft$(LinearSeqOptimized.scala:122)
	at scala.collection.immutable.List.foldLeft(List.scala:89)
	at org.apache.spark.sql.catalyst.rules.RuleExecutor.$anonfun$execute$1(RuleExecutor.scala:208)
	at org.apache.spark.sql.catalyst.rules.RuleExecutor.$anonfun$execute$1$adapted(RuleExecutor.scala:200)
	at scala.collection.immutable.List.foreach(List.scala:392)
	at org.apache.spark.sql.catalyst.rules.RuleExecutor.execute(RuleExecutor.scala:200)
	at org.apache.spark.sql.catalyst.analysis.Analyzer.org$apache$spark$sql$catalyst$analysis$Analyzer$$executeSameContext(Analyzer.scala:227)
	at org.apache.spark.sql.catalyst.analysis.Analyzer.$anonfun$execute$1(Analyzer.scala:223)
	at org.apache.spark.sql.catalyst.analysis.AnalysisContext$.withNewAnalysisContext(Analyzer.scala:172)
	at org.apache.spark.sql.catalyst.analysis.Analyzer.execute(Analyzer.scala:223)
	at org.apache.spark.sql.catalyst.analysis.Analyzer.execute(Analyzer.scala:187)
	at org.apache.spark.sql.catalyst.rules.RuleExecutor.$anonfun$executeAndTrack$1(RuleExecutor.scala:179)
	at org.apache.spark.sql.catalyst.QueryPlanningTracker$.withTracker(QueryPlanningTracker.scala:88)
	at org.apache.spark.sql.catalyst.rules.RuleExecutor.executeAndTrack(RuleExecutor.scala:179)
	at org.apache.spark.sql.catalyst.analysis.Analyzer.$anonfun$executeAndCheck$1(Analyzer.scala:208)
	at org.apache.spark.sql.catalyst.plans.logical.AnalysisHelper$.markInAnalyzer(AnalysisHelper.scala:330)
	at org.apache.spark.sql.catalyst.analysis.Analyzer.executeAndCheck(Analyzer.scala:207)
	at org.apache.spark.sql.execution.QueryExecution.$anonfun$analyzed$1(QueryExecution.scala:76)
	at org.apache.spark.sql.catalyst.QueryPlanningTracker.measurePhase(QueryPlanningTracker.scala:111)
	at org.apache.spark.sql.execution.QueryExecution.$anonfun$executePhase$2(QueryExecution.scala:185)
	at org.apache.spark.sql.execution.QueryExecution$.withInternalError(QueryExecution.scala:510)
	at org.apache.spark.sql.execution.QueryExecution.$anonfun$executePhase$1(QueryExecution.scala:185)
	at org.apache.spark.sql.SparkSession.withActive(SparkSession.scala:779)
	at org.apache.spark.sql.execution.QueryExecution.executePhase(QueryExecution.scala:184)
	at org.apache.spark.sql.execution.QueryExecution.analyzed$lzycompute(QueryExecution.scala:76)
	at org.apache.spark.sql.execution.QueryExecution.analyzed(QueryExecution.scala:74)
	at org.apache.spark.sql.execution.QueryExecution.assertAnalyzed(QueryExecution.scala:66)
	at org.apache.spark.sql.Dataset$.$anonfun$ofRows$1(Dataset.scala:91)
	at org.apache.spark.sql.SparkSession.withActive(SparkSession.scala:779)
	at org.apache.spark.sql.Dataset$.ofRows(Dataset.scala:89)
	at org.apache.spark.sql.Dataset.withPlan(Dataset.scala:3887)
	at org.apache.spark.sql.Dataset.select(Dataset.scala:1519)
	at org.apache.spark.sql.Dataset.selectExpr(Dataset.scala:1553)
	at io.projectglow.tertiary.AggregateByIndexSuite.$anonfun$new$1(AggregateByIndexSuite.scala:30)
	at org.scalatest.OutcomeOf.outcomeOf(OutcomeOf.scala:85)
	at org.scalatest.OutcomeOf.outcomeOf$(OutcomeOf.scala:83)
	at org.scalatest.OutcomeOf$.outcomeOf(OutcomeOf.scala:104)
	at org.scalatest.Transformer.apply(Transformer.scala:22)
	at org.scalatest.Transformer.apply(Transformer.scala:20)
	at org.scalatest.funsuite.AnyFunSuiteLike$$anon$1.apply(AnyFunSuiteLike.scala:190)
	at org.scalatest.TestSuite.withFixture(TestSuite.scala:196)
	at org.scalatest.TestSuite.withFixture$(TestSuite.scala:195)
	at org.scalatest.funsuite.AnyFunSuite.withFixture(AnyFunSuite.scala:1563)
	at org.scalatest.funsuite.AnyFunSuiteLike.invokeWithFixture$1(AnyFunSuiteLike.scala:188)
	at org.scalatest.funsuite.AnyFunSuiteLike.$anonfun$runTest$1(AnyFunSuiteLike.scala:200)
	at org.scalatest.SuperEngine.runTestImpl(Engine.scala:306)
	at org.scalatest.funsuite.AnyFunSuiteLike.runTest(AnyFunSuiteLike.scala:200)
	at org.scalatest.funsuite.AnyFunSuiteLike.runTest$(AnyFunSuiteLike.scala:182)
	at io.projectglow.sql.GlowBaseTest.org$scalatest$BeforeAndAfterEach$$super$runTest(GlowBaseTest.scala:29)
	at org.scalatest.BeforeAndAfterEach.runTest(BeforeAndAfterEach.scala:234)
	at org.scalatest.BeforeAndAfterEach.runTest$(BeforeAndAfterEach.scala:227)
	at io.projectglow.sql.GlowBaseTest.runTest(GlowBaseTest.scala:63)
	at org.scalatest.funsuite.AnyFunSuiteLike.$anonfun$runTests$1(AnyFunSuiteLike.scala:233)
	at org.scalatest.SuperEngine.$anonfun$runTestsInBranch$1(Engine.scala:413)
	at scala.collection.immutable.List.foreach(List.scala:392)
	at org.scalatest.SuperEngine.traverseSubNodes$1(Engine.scala:401)
	at org.scalatest.SuperEngine.runTestsInBranch(Engine.scala:396)
	at org.scalatest.SuperEngine.runTestsImpl(Engine.scala:475)
	at org.scalatest.funsuite.AnyFunSuiteLike.runTests(AnyFunSuiteLike.scala:233)
	at org.scalatest.funsuite.AnyFunSuiteLike.runTests$(AnyFunSuiteLike.scala:232)
	at org.scalatest.funsuite.AnyFunSuite.runTests(AnyFunSuite.scala:1563)
	at org.scalatest.Suite.run(Suite.scala:1112)
	at org.scalatest.Suite.run$(Suite.scala:1094)
	at org.scalatest.funsuite.AnyFunSuite.org$scalatest$funsuite$AnyFunSuiteLike$$super$run(AnyFunSuite.scala:1563)
	at org.scalatest.funsuite.AnyFunSuiteLike.$anonfun$run$1(AnyFunSuiteLike.scala:237)
	at org.scalatest.SuperEngine.runImpl(Engine.scala:535)
	at org.scalatest.funsuite.AnyFunSuiteLike.run(AnyFunSuiteLike.scala:237)
	at org.scalatest.funsuite.AnyFunSuiteLike.run$(AnyFunSuiteLike.scala:236)
	at io.projectglow.sql.GlowBaseTest.org$scalatest$BeforeAndAfterAll$$super$run(GlowBaseTest.scala:29)
	at org.scalatest.BeforeAndAfterAll.liftedTree1$1(BeforeAndAfterAll.scala:213)
	at org.scalatest.BeforeAndAfterAll.run(BeforeAndAfterAll.scala:210)
	at org.scalatest.BeforeAndAfterAll.run$(BeforeAndAfterAll.scala:208)
	at io.projectglow.sql.GlowBaseTest.run(GlowBaseTest.scala:29)
	at org.scalatest.tools.Framework.org$scalatest$tools$Framework$$runSuite(Framework.scala:318)
	at org.scalatest.tools.Framework$ScalaTestTask.execute(Framework.scala:513)
	at sbt.ForkMain$Run.lambda$runTest$1(ForkMain.java:304)
	at java.util.concurrent.FutureTask.run(FutureTask.java:266)
	at java.util.concurrent.ThreadPoolExecutor.runWorker(ThreadPoolExecutor.java:1149)
	at java.util.concurrent.ThreadPoolExecutor$Worker.run(ThreadPoolExecutor.java:624)
	at java.lang.Thread.run(Thread.java:748)
</failure>
                                               </testcase><testcase classname="io.projectglow.tertiary.AggregateByIndexSuite" name="basic (scala API)" time="0.062">
                                                 
                                               </testcase><testcase classname="io.projectglow.tertiary.AggregateByIndexSuite" name="with types changes" time="0.004">
                                                 <failure message="org.apache.spark.sql.AnalysisException: A lambda function should only be used in a higher order function. However, its class is org.apache.spark.sql.catalyst.expressions.aggregate.AggregateExpression, which is not a higher order function.; line 2 pos 0" type="sbt.ForkMain$ForkError">sbt.ForkMain$ForkError: org.apache.spark.sql.AnalysisException: A lambda function should only be used in a higher order function. However, its class is org.apache.spark.sql.catalyst.expressions.aggregate.AggregateExpression, which is not a higher order function.; line 2 pos 0
	at org.apache.spark.sql.catalyst.analysis.package$AnalysisErrorAt.failAnalysis(package.scala:42)
	at org.apache.spark.sql.catalyst.analysis.Analyzer$ResolveFunctions$$anonfun$apply$25$$anonfun$applyOrElse$101.$anonfun$applyOrElse$103(Analyzer.scala:2092)
	at scala.Option.map(Option.scala:163)
	at org.apache.spark.sql.catalyst.analysis.Analyzer$ResolveFunctions$$anonfun$apply$25$$anonfun$applyOrElse$101.$anonfun$applyOrElse$102(Analyzer.scala:2087)
	at org.apache.spark.sql.catalyst.analysis.package$.withPosition(package.scala:60)
	at org.apache.spark.sql.catalyst.analysis.Analyzer$ResolveFunctions$$anonfun$apply$25$$anonfun$applyOrElse$101.applyOrElse(Analyzer.scala:2094)
	at org.apache.spark.sql.catalyst.analysis.Analyzer$ResolveFunctions$$anonfun$apply$25$$anonfun$applyOrElse$101.applyOrElse(Analyzer.scala:2084)
	at org.apache.spark.sql.catalyst.trees.TreeNode.$anonfun$transformDownWithPruning$1(TreeNode.scala:584)
	at org.apache.spark.sql.catalyst.trees.CurrentOrigin$.withOrigin(TreeNode.scala:176)
	at org.apache.spark.sql.catalyst.trees.TreeNode.transformDownWithPruning(TreeNode.scala:584)
	at org.apache.spark.sql.catalyst.trees.TreeNode.$anonfun$transformDownWithPruning$3(TreeNode.scala:589)
	at org.apache.spark.sql.catalyst.trees.UnaryLike.mapChildren(TreeNode.scala:1228)
	at org.apache.spark.sql.catalyst.trees.UnaryLike.mapChildren$(TreeNode.scala:1227)
	at org.apache.spark.sql.catalyst.expressions.UnaryExpression.mapChildren(Expression.scala:498)
	at org.apache.spark.sql.catalyst.trees.TreeNode.transformDownWithPruning(TreeNode.scala:589)
	at org.apache.spark.sql.catalyst.plans.QueryPlan.$anonfun$transformExpressionsDownWithPruning$1(QueryPlan.scala:159)
	at org.apache.spark.sql.catalyst.plans.QueryPlan.$anonfun$mapExpressions$1(QueryPlan.scala:200)
	at org.apache.spark.sql.catalyst.trees.CurrentOrigin$.withOrigin(TreeNode.scala:176)
	at org.apache.spark.sql.catalyst.plans.QueryPlan.transformExpression$1(QueryPlan.scala:200)
	at org.apache.spark.sql.catalyst.plans.QueryPlan.recursiveTransform$1(QueryPlan.scala:211)
	at org.apache.spark.sql.catalyst.plans.QueryPlan.$anonfun$mapExpressions$3(QueryPlan.scala:216)
	at scala.collection.TraversableLike.$anonfun$map$1(TraversableLike.scala:237)
	at scala.collection.mutable.ResizableArray.foreach(ResizableArray.scala:62)
	at scala.collection.mutable.ResizableArray.foreach$(ResizableArray.scala:55)
	at scala.collection.mutable.ArrayBuffer.foreach(ArrayBuffer.scala:49)
	at scala.collection.TraversableLike.map(TraversableLike.scala:237)
	at scala.collection.TraversableLike.map$(TraversableLike.scala:230)
	at scala.collection.AbstractTraversable.map(Traversable.scala:108)
	at org.apache.spark.sql.catalyst.plans.QueryPlan.recursiveTransform$1(QueryPlan.scala:216)
	at org.apache.spark.sql.catalyst.plans.QueryPlan.$anonfun$mapExpressions$4(QueryPlan.scala:221)
	at org.apache.spark.sql.catalyst.trees.TreeNode.mapProductIterator(TreeNode.scala:427)
	at org.apache.spark.sql.catalyst.plans.QueryPlan.mapExpressions(QueryPlan.scala:221)
	at org.apache.spark.sql.catalyst.plans.QueryPlan.transformExpressionsDownWithPruning(QueryPlan.scala:159)
	at org.apache.spark.sql.catalyst.plans.QueryPlan.transformExpressionsWithPruning(QueryPlan.scala:130)
	at org.apache.spark.sql.catalyst.analysis.Analyzer$ResolveFunctions$$anonfun$apply$25.applyOrElse(Analyzer.scala:2084)
	at org.apache.spark.sql.catalyst.analysis.Analyzer$ResolveFunctions$$anonfun$apply$25.applyOrElse(Analyzer.scala:2063)
	at org.apache.spark.sql.catalyst.plans.logical.AnalysisHelper.$anonfun$resolveOperatorsUpWithPruning$3(AnalysisHelper.scala:138)
	at org.apache.spark.sql.catalyst.trees.CurrentOrigin$.withOrigin(TreeNode.scala:176)
	at org.apache.spark.sql.catalyst.plans.logical.AnalysisHelper.$anonfun$resolveOperatorsUpWithPruning$1(AnalysisHelper.scala:138)
	at org.apache.spark.sql.catalyst.plans.logical.AnalysisHelper$.allowInvokingTransformsInAnalyzer(AnalysisHelper.scala:323)
	at org.apache.spark.sql.catalyst.plans.logical.AnalysisHelper.resolveOperatorsUpWithPruning(AnalysisHelper.scala:134)
	at org.apache.spark.sql.catalyst.plans.logical.AnalysisHelper.resolveOperatorsUpWithPruning$(AnalysisHelper.scala:130)
	at org.apache.spark.sql.catalyst.plans.logical.LogicalPlan.resolveOperatorsUpWithPruning(LogicalPlan.scala:30)
	at org.apache.spark.sql.catalyst.analysis.Analyzer$ResolveFunctions$.apply(Analyzer.scala:2063)
	at org.apache.spark.sql.catalyst.analysis.Analyzer$ResolveFunctions$.apply(Analyzer.scala:2059)
	at org.apache.spark.sql.catalyst.rules.RuleExecutor.$anonfun$execute$2(RuleExecutor.scala:211)
	at scala.collection.LinearSeqOptimized.foldLeft(LinearSeqOptimized.scala:126)
	at scala.collection.LinearSeqOptimized.foldLeft$(LinearSeqOptimized.scala:122)
	at scala.collection.immutable.List.foldLeft(List.scala:89)
	at org.apache.spark.sql.catalyst.rules.RuleExecutor.$anonfun$execute$1(RuleExecutor.scala:208)
	at org.apache.spark.sql.catalyst.rules.RuleExecutor.$anonfun$execute$1$adapted(RuleExecutor.scala:200)
	at scala.collection.immutable.List.foreach(List.scala:392)
	at org.apache.spark.sql.catalyst.rules.RuleExecutor.execute(RuleExecutor.scala:200)
	at org.apache.spark.sql.catalyst.analysis.Analyzer.org$apache$spark$sql$catalyst$analysis$Analyzer$$executeSameContext(Analyzer.scala:227)
	at org.apache.spark.sql.catalyst.analysis.Analyzer.$anonfun$execute$1(Analyzer.scala:223)
	at org.apache.spark.sql.catalyst.analysis.AnalysisContext$.withNewAnalysisContext(Analyzer.scala:172)
	at org.apache.spark.sql.catalyst.analysis.Analyzer.execute(Analyzer.scala:223)
	at org.apache.spark.sql.catalyst.analysis.Analyzer.execute(Analyzer.scala:187)
	at org.apache.spark.sql.catalyst.rules.RuleExecutor.$anonfun$executeAndTrack$1(RuleExecutor.scala:179)
	at org.apache.spark.sql.catalyst.QueryPlanningTracker$.withTracker(QueryPlanningTracker.scala:88)
	at org.apache.spark.sql.catalyst.rules.RuleExecutor.executeAndTrack(RuleExecutor.scala:179)
	at org.apache.spark.sql.catalyst.analysis.Analyzer.$anonfun$executeAndCheck$1(Analyzer.scala:208)
	at org.apache.spark.sql.catalyst.plans.logical.AnalysisHelper$.markInAnalyzer(AnalysisHelper.scala:330)
	at org.apache.spark.sql.catalyst.analysis.Analyzer.executeAndCheck(Analyzer.scala:207)
	at org.apache.spark.sql.execution.QueryExecution.$anonfun$analyzed$1(QueryExecution.scala:76)
	at org.apache.spark.sql.catalyst.QueryPlanningTracker.measurePhase(QueryPlanningTracker.scala:111)
	at org.apache.spark.sql.execution.QueryExecution.$anonfun$executePhase$2(QueryExecution.scala:185)
	at org.apache.spark.sql.execution.QueryExecution$.withInternalError(QueryExecution.scala:510)
	at org.apache.spark.sql.execution.QueryExecution.$anonfun$executePhase$1(QueryExecution.scala:185)
	at org.apache.spark.sql.SparkSession.withActive(SparkSession.scala:779)
	at org.apache.spark.sql.execution.QueryExecution.executePhase(QueryExecution.scala:184)
	at org.apache.spark.sql.execution.QueryExecution.analyzed$lzycompute(QueryExecution.scala:76)
	at org.apache.spark.sql.execution.QueryExecution.analyzed(QueryExecution.scala:74)
	at org.apache.spark.sql.execution.QueryExecution.assertAnalyzed(QueryExecution.scala:66)
	at org.apache.spark.sql.Dataset$.$anonfun$ofRows$1(Dataset.scala:91)
	at org.apache.spark.sql.SparkSession.withActive(SparkSession.scala:779)
	at org.apache.spark.sql.Dataset$.ofRows(Dataset.scala:89)
	at org.apache.spark.sql.Dataset.withPlan(Dataset.scala:3887)
	at org.apache.spark.sql.Dataset.select(Dataset.scala:1519)
	at org.apache.spark.sql.Dataset.selectExpr(Dataset.scala:1553)
	at io.projectglow.tertiary.AggregateByIndexSuite.$anonfun$new$6(AggregateByIndexSuite.scala:52)
	at org.scalatest.OutcomeOf.outcomeOf(OutcomeOf.scala:85)
	at org.scalatest.OutcomeOf.outcomeOf$(OutcomeOf.scala:83)
	at org.scalatest.OutcomeOf$.outcomeOf(OutcomeOf.scala:104)
	at org.scalatest.Transformer.apply(Transformer.scala:22)
	at org.scalatest.Transformer.apply(Transformer.scala:20)
	at org.scalatest.funsuite.AnyFunSuiteLike$$anon$1.apply(AnyFunSuiteLike.scala:190)
	at org.scalatest.TestSuite.withFixture(TestSuite.scala:196)
	at org.scalatest.TestSuite.withFixture$(TestSuite.scala:195)
	at org.scalatest.funsuite.AnyFunSuite.withFixture(AnyFunSuite.scala:1563)
	at org.scalatest.funsuite.AnyFunSuiteLike.invokeWithFixture$1(AnyFunSuiteLike.scala:188)
	at org.scalatest.funsuite.AnyFunSuiteLike.$anonfun$runTest$1(AnyFunSuiteLike.scala:200)
	at org.scalatest.SuperEngine.runTestImpl(Engine.scala:306)
	at org.scalatest.funsuite.AnyFunSuiteLike.runTest(AnyFunSuiteLike.scala:200)
	at org.scalatest.funsuite.AnyFunSuiteLike.runTest$(AnyFunSuiteLike.scala:182)
	at io.projectglow.sql.GlowBaseTest.org$scalatest$BeforeAndAfterEach$$super$runTest(GlowBaseTest.scala:29)
	at org.scalatest.BeforeAndAfterEach.runTest(BeforeAndAfterEach.scala:234)
	at org.scalatest.BeforeAndAfterEach.runTest$(BeforeAndAfterEach.scala:227)
	at io.projectglow.sql.GlowBaseTest.runTest(GlowBaseTest.scala:63)
	at org.scalatest.funsuite.AnyFunSuiteLike.$anonfun$runTests$1(AnyFunSuiteLike.scala:233)
	at org.scalatest.SuperEngine.$anonfun$runTestsInBranch$1(Engine.scala:413)
	at scala.collection.immutable.List.foreach(List.scala:392)
	at org.scalatest.SuperEngine.traverseSubNodes$1(Engine.scala:401)
	at org.scalatest.SuperEngine.runTestsInBranch(Engine.scala:396)
	at org.scalatest.SuperEngine.runTestsImpl(Engine.scala:475)
	at org.scalatest.funsuite.AnyFunSuiteLike.runTests(AnyFunSuiteLike.scala:233)
	at org.scalatest.funsuite.AnyFunSuiteLike.runTests$(AnyFunSuiteLike.scala:232)
	at org.scalatest.funsuite.AnyFunSuite.runTests(AnyFunSuite.scala:1563)
	at org.scalatest.Suite.run(Suite.scala:1112)
	at org.scalatest.Suite.run$(Suite.scala:1094)
	at org.scalatest.funsuite.AnyFunSuite.org$scalatest$funsuite$AnyFunSuiteLike$$super$run(AnyFunSuite.scala:1563)
	at org.scalatest.funsuite.AnyFunSuiteLike.$anonfun$run$1(AnyFunSuiteLike.scala:237)
	at org.scalatest.SuperEngine.runImpl(Engine.scala:535)
	at org.scalatest.funsuite.AnyFunSuiteLike.run(AnyFunSuiteLike.scala:237)
	at org.scalatest.funsuite.AnyFunSuiteLike.run$(AnyFunSuiteLike.scala:236)
	at io.projectglow.sql.GlowBaseTest.org$scalatest$BeforeAndAfterAll$$super$run(GlowBaseTest.scala:29)
	at org.scalatest.BeforeAndAfterAll.liftedTree1$1(BeforeAndAfterAll.scala:213)
	at org.scalatest.BeforeAndAfterAll.run(BeforeAndAfterAll.scala:210)
	at org.scalatest.BeforeAndAfterAll.run$(BeforeAndAfterAll.scala:208)
	at io.projectglow.sql.GlowBaseTest.run(GlowBaseTest.scala:29)
	at org.scalatest.tools.Framework.org$scalatest$tools$Framework$$runSuite(Framework.scala:318)
	at org.scalatest.tools.Framework$ScalaTestTask.execute(Framework.scala:513)
	at sbt.ForkMain$Run.lambda$runTest$1(ForkMain.java:304)
	at java.util.concurrent.FutureTask.run(FutureTask.java:266)
	at java.util.concurrent.ThreadPoolExecutor.runWorker(ThreadPoolExecutor.java:1149)
	at java.util.concurrent.ThreadPoolExecutor$Worker.run(ThreadPoolExecutor.java:624)
	at java.lang.Thread.run(Thread.java:748)
</failure>
                                               </testcase><testcase classname="io.projectglow.tertiary.AggregateByIndexSuite" name="with grouping" time="0.005">
                                                 <failure message="org.apache.spark.sql.AnalysisException: A lambda function should only be used in a higher order function. However, its class is org.apache.spark.sql.catalyst.expressions.aggregate.AggregateExpression, which is not a higher order function.; line 1 pos 0" type="sbt.ForkMain$ForkError">sbt.ForkMain$ForkError: org.apache.spark.sql.AnalysisException: A lambda function should only be used in a higher order function. However, its class is org.apache.spark.sql.catalyst.expressions.aggregate.AggregateExpression, which is not a higher order function.; line 1 pos 0
	at org.apache.spark.sql.catalyst.analysis.package$AnalysisErrorAt.failAnalysis(package.scala:42)
	at org.apache.spark.sql.catalyst.analysis.Analyzer$ResolveFunctions$$anonfun$apply$25$$anonfun$applyOrElse$101.$anonfun$applyOrElse$103(Analyzer.scala:2092)
	at scala.Option.map(Option.scala:163)
	at org.apache.spark.sql.catalyst.analysis.Analyzer$ResolveFunctions$$anonfun$apply$25$$anonfun$applyOrElse$101.$anonfun$applyOrElse$102(Analyzer.scala:2087)
	at org.apache.spark.sql.catalyst.analysis.package$.withPosition(package.scala:60)
	at org.apache.spark.sql.catalyst.analysis.Analyzer$ResolveFunctions$$anonfun$apply$25$$anonfun$applyOrElse$101.applyOrElse(Analyzer.scala:2094)
	at org.apache.spark.sql.catalyst.analysis.Analyzer$ResolveFunctions$$anonfun$apply$25$$anonfun$applyOrElse$101.applyOrElse(Analyzer.scala:2084)
	at org.apache.spark.sql.catalyst.trees.TreeNode.$anonfun$transformDownWithPruning$1(TreeNode.scala:584)
	at org.apache.spark.sql.catalyst.trees.CurrentOrigin$.withOrigin(TreeNode.scala:176)
	at org.apache.spark.sql.catalyst.trees.TreeNode.transformDownWithPruning(TreeNode.scala:584)
	at org.apache.spark.sql.catalyst.trees.TreeNode.$anonfun$transformDownWithPruning$3(TreeNode.scala:589)
	at org.apache.spark.sql.catalyst.trees.UnaryLike.mapChildren(TreeNode.scala:1228)
	at org.apache.spark.sql.catalyst.trees.UnaryLike.mapChildren$(TreeNode.scala:1227)
	at org.apache.spark.sql.catalyst.expressions.UnaryExpression.mapChildren(Expression.scala:498)
	at org.apache.spark.sql.catalyst.trees.TreeNode.transformDownWithPruning(TreeNode.scala:589)
	at org.apache.spark.sql.catalyst.plans.QueryPlan.$anonfun$transformExpressionsDownWithPruning$1(QueryPlan.scala:159)
	at org.apache.spark.sql.catalyst.plans.QueryPlan.$anonfun$mapExpressions$1(QueryPlan.scala:200)
	at org.apache.spark.sql.catalyst.trees.CurrentOrigin$.withOrigin(TreeNode.scala:176)
	at org.apache.spark.sql.catalyst.plans.QueryPlan.transformExpression$1(QueryPlan.scala:200)
	at org.apache.spark.sql.catalyst.plans.QueryPlan.recursiveTransform$1(QueryPlan.scala:211)
	at org.apache.spark.sql.catalyst.plans.QueryPlan.$anonfun$mapExpressions$3(QueryPlan.scala:216)
	at scala.collection.TraversableLike.$anonfun$map$1(TraversableLike.scala:237)
	at scala.collection.mutable.ResizableArray.foreach(ResizableArray.scala:62)
	at scala.collection.mutable.ResizableArray.foreach$(ResizableArray.scala:55)
	at scala.collection.mutable.ArrayBuffer.foreach(ArrayBuffer.scala:49)
	at scala.collection.TraversableLike.map(TraversableLike.scala:237)
	at scala.collection.TraversableLike.map$(TraversableLike.scala:230)
	at scala.collection.AbstractTraversable.map(Traversable.scala:108)
	at org.apache.spark.sql.catalyst.plans.QueryPlan.recursiveTransform$1(QueryPlan.scala:216)
	at org.apache.spark.sql.catalyst.plans.QueryPlan.$anonfun$mapExpressions$4(QueryPlan.scala:221)
	at org.apache.spark.sql.catalyst.trees.TreeNode.mapProductIterator(TreeNode.scala:427)
	at org.apache.spark.sql.catalyst.plans.QueryPlan.mapExpressions(QueryPlan.scala:221)
	at org.apache.spark.sql.catalyst.plans.QueryPlan.transformExpressionsDownWithPruning(QueryPlan.scala:159)
	at org.apache.spark.sql.catalyst.plans.QueryPlan.transformExpressionsWithPruning(QueryPlan.scala:130)
	at org.apache.spark.sql.catalyst.analysis.Analyzer$ResolveFunctions$$anonfun$apply$25.applyOrElse(Analyzer.scala:2084)
	at org.apache.spark.sql.catalyst.analysis.Analyzer$ResolveFunctions$$anonfun$apply$25.applyOrElse(Analyzer.scala:2063)
	at org.apache.spark.sql.catalyst.plans.logical.AnalysisHelper.$anonfun$resolveOperatorsUpWithPruning$3(AnalysisHelper.scala:138)
	at org.apache.spark.sql.catalyst.trees.CurrentOrigin$.withOrigin(TreeNode.scala:176)
	at org.apache.spark.sql.catalyst.plans.logical.AnalysisHelper.$anonfun$resolveOperatorsUpWithPruning$1(AnalysisHelper.scala:138)
	at org.apache.spark.sql.catalyst.plans.logical.AnalysisHelper$.allowInvokingTransformsInAnalyzer(AnalysisHelper.scala:323)
	at org.apache.spark.sql.catalyst.plans.logical.AnalysisHelper.resolveOperatorsUpWithPruning(AnalysisHelper.scala:134)
	at org.apache.spark.sql.catalyst.plans.logical.AnalysisHelper.resolveOperatorsUpWithPruning$(AnalysisHelper.scala:130)
	at org.apache.spark.sql.catalyst.plans.logical.LogicalPlan.resolveOperatorsUpWithPruning(LogicalPlan.scala:30)
	at org.apache.spark.sql.catalyst.analysis.Analyzer$ResolveFunctions$.apply(Analyzer.scala:2063)
	at org.apache.spark.sql.catalyst.analysis.Analyzer$ResolveFunctions$.apply(Analyzer.scala:2059)
	at org.apache.spark.sql.catalyst.rules.RuleExecutor.$anonfun$execute$2(RuleExecutor.scala:211)
	at scala.collection.LinearSeqOptimized.foldLeft(LinearSeqOptimized.scala:126)
	at scala.collection.LinearSeqOptimized.foldLeft$(LinearSeqOptimized.scala:122)
	at scala.collection.immutable.List.foldLeft(List.scala:89)
	at org.apache.spark.sql.catalyst.rules.RuleExecutor.$anonfun$execute$1(RuleExecutor.scala:208)
	at org.apache.spark.sql.catalyst.rules.RuleExecutor.$anonfun$execute$1$adapted(RuleExecutor.scala:200)
	at scala.collection.immutable.List.foreach(List.scala:392)
	at org.apache.spark.sql.catalyst.rules.RuleExecutor.execute(RuleExecutor.scala:200)
	at org.apache.spark.sql.catalyst.analysis.Analyzer.org$apache$spark$sql$catalyst$analysis$Analyzer$$executeSameContext(Analyzer.scala:227)
	at org.apache.spark.sql.catalyst.analysis.Analyzer.$anonfun$execute$1(Analyzer.scala:223)
	at org.apache.spark.sql.catalyst.analysis.AnalysisContext$.withNewAnalysisContext(Analyzer.scala:172)
	at org.apache.spark.sql.catalyst.analysis.Analyzer.execute(Analyzer.scala:223)
	at org.apache.spark.sql.catalyst.analysis.Analyzer.execute(Analyzer.scala:187)
	at org.apache.spark.sql.catalyst.rules.RuleExecutor.$anonfun$executeAndTrack$1(RuleExecutor.scala:179)
	at org.apache.spark.sql.catalyst.QueryPlanningTracker$.withTracker(QueryPlanningTracker.scala:88)
	at org.apache.spark.sql.catalyst.rules.RuleExecutor.executeAndTrack(RuleExecutor.scala:179)
	at org.apache.spark.sql.catalyst.analysis.Analyzer.$anonfun$executeAndCheck$1(Analyzer.scala:208)
	at org.apache.spark.sql.catalyst.plans.logical.AnalysisHelper$.markInAnalyzer(AnalysisHelper.scala:330)
	at org.apache.spark.sql.catalyst.analysis.Analyzer.executeAndCheck(Analyzer.scala:207)
	at org.apache.spark.sql.execution.QueryExecution.$anonfun$analyzed$1(QueryExecution.scala:76)
	at org.apache.spark.sql.catalyst.QueryPlanningTracker.measurePhase(QueryPlanningTracker.scala:111)
	at org.apache.spark.sql.execution.QueryExecution.$anonfun$executePhase$2(QueryExecution.scala:185)
	at org.apache.spark.sql.execution.QueryExecution$.withInternalError(QueryExecution.scala:510)
	at org.apache.spark.sql.execution.QueryExecution.$anonfun$executePhase$1(QueryExecution.scala:185)
	at org.apache.spark.sql.SparkSession.withActive(SparkSession.scala:779)
	at org.apache.spark.sql.execution.QueryExecution.executePhase(QueryExecution.scala:184)
	at org.apache.spark.sql.execution.QueryExecution.analyzed$lzycompute(QueryExecution.scala:76)
	at org.apache.spark.sql.execution.QueryExecution.analyzed(QueryExecution.scala:74)
	at org.apache.spark.sql.execution.QueryExecution.assertAnalyzed(QueryExecution.scala:66)
	at org.apache.spark.sql.Dataset$.$anonfun$ofRows$1(Dataset.scala:91)
	at org.apache.spark.sql.SparkSession.withActive(SparkSession.scala:779)
	at org.apache.spark.sql.Dataset$.ofRows(Dataset.scala:89)
	at org.apache.spark.sql.RelationalGroupedDataset.toDF(RelationalGroupedDataset.scala:70)
	at org.apache.spark.sql.RelationalGroupedDataset.agg(RelationalGroupedDataset.scala:256)
	at io.projectglow.tertiary.AggregateByIndexSuite.$anonfun$new$7(AggregateByIndexSuite.scala:74)
	at org.scalatest.OutcomeOf.outcomeOf(OutcomeOf.scala:85)
	at org.scalatest.OutcomeOf.outcomeOf$(OutcomeOf.scala:83)
	at org.scalatest.OutcomeOf$.outcomeOf(OutcomeOf.scala:104)
	at org.scalatest.Transformer.apply(Transformer.scala:22)
	at org.scalatest.Transformer.apply(Transformer.scala:20)
	at org.scalatest.funsuite.AnyFunSuiteLike$$anon$1.apply(AnyFunSuiteLike.scala:190)
	at org.scalatest.TestSuite.withFixture(TestSuite.scala:196)
	at org.scalatest.TestSuite.withFixture$(TestSuite.scala:195)
	at org.scalatest.funsuite.AnyFunSuite.withFixture(AnyFunSuite.scala:1563)
	at org.scalatest.funsuite.AnyFunSuiteLike.invokeWithFixture$1(AnyFunSuiteLike.scala:188)
	at org.scalatest.funsuite.AnyFunSuiteLike.$anonfun$runTest$1(AnyFunSuiteLike.scala:200)
	at org.scalatest.SuperEngine.runTestImpl(Engine.scala:306)
	at org.scalatest.funsuite.AnyFunSuiteLike.runTest(AnyFunSuiteLike.scala:200)
	at org.scalatest.funsuite.AnyFunSuiteLike.runTest$(AnyFunSuiteLike.scala:182)
	at io.projectglow.sql.GlowBaseTest.org$scalatest$BeforeAndAfterEach$$super$runTest(GlowBaseTest.scala:29)
	at org.scalatest.BeforeAndAfterEach.runTest(BeforeAndAfterEach.scala:234)
	at org.scalatest.BeforeAndAfterEach.runTest$(BeforeAndAfterEach.scala:227)
	at io.projectglow.sql.GlowBaseTest.runTest(GlowBaseTest.scala:63)
	at org.scalatest.funsuite.AnyFunSuiteLike.$anonfun$runTests$1(AnyFunSuiteLike.scala:233)
	at org.scalatest.SuperEngine.$anonfun$runTestsInBranch$1(Engine.scala:413)
	at scala.collection.immutable.List.foreach(List.scala:392)
	at org.scalatest.SuperEngine.traverseSubNodes$1(Engine.scala:401)
	at org.scalatest.SuperEngine.runTestsInBranch(Engine.scala:396)
	at org.scalatest.SuperEngine.runTestsImpl(Engine.scala:475)
	at org.scalatest.funsuite.AnyFunSuiteLike.runTests(AnyFunSuiteLike.scala:233)
	at org.scalatest.funsuite.AnyFunSuiteLike.runTests$(AnyFunSuiteLike.scala:232)
	at org.scalatest.funsuite.AnyFunSuite.runTests(AnyFunSuite.scala:1563)
	at org.scalatest.Suite.run(Suite.scala:1112)
	at org.scalatest.Suite.run$(Suite.scala:1094)
	at org.scalatest.funsuite.AnyFunSuite.org$scalatest$funsuite$AnyFunSuiteLike$$super$run(AnyFunSuite.scala:1563)
	at org.scalatest.funsuite.AnyFunSuiteLike.$anonfun$run$1(AnyFunSuiteLike.scala:237)
	at org.scalatest.SuperEngine.runImpl(Engine.scala:535)
	at org.scalatest.funsuite.AnyFunSuiteLike.run(AnyFunSuiteLike.scala:237)
	at org.scalatest.funsuite.AnyFunSuiteLike.run$(AnyFunSuiteLike.scala:236)
	at io.projectglow.sql.GlowBaseTest.org$scalatest$BeforeAndAfterAll$$super$run(GlowBaseTest.scala:29)
	at org.scalatest.BeforeAndAfterAll.liftedTree1$1(BeforeAndAfterAll.scala:213)
	at org.scalatest.BeforeAndAfterAll.run(BeforeAndAfterAll.scala:210)
	at org.scalatest.BeforeAndAfterAll.run$(BeforeAndAfterAll.scala:208)
	at io.projectglow.sql.GlowBaseTest.run(GlowBaseTest.scala:29)
	at org.scalatest.tools.Framework.org$scalatest$tools$Framework$$runSuite(Framework.scala:318)
	at org.scalatest.tools.Framework$ScalaTestTask.execute(Framework.scala:513)
	at sbt.ForkMain$Run.lambda$runTest$1(ForkMain.java:304)
	at java.util.concurrent.FutureTask.run(FutureTask.java:266)
	at java.util.concurrent.ThreadPoolExecutor.runWorker(ThreadPoolExecutor.java:1149)
	at java.util.concurrent.ThreadPoolExecutor$Worker.run(ThreadPoolExecutor.java:624)
	at java.lang.Thread.run(Thread.java:748)
</failure>
                                               </testcase><testcase classname="io.projectglow.tertiary.AggregateByIndexSuite" name="mean function" time="0.026">
                                                 <failure message="org.apache.spark.sql.AnalysisException: A lambda function should only be used in a higher order function. However, its class is org.apache.spark.sql.catalyst.expressions.aggregate.AggregateExpression, which is not a higher order function.; line 2 pos 0" type="sbt.ForkMain$ForkError">sbt.ForkMain$ForkError: org.apache.spark.sql.AnalysisException: A lambda function should only be used in a higher order function. However, its class is org.apache.spark.sql.catalyst.expressions.aggregate.AggregateExpression, which is not a higher order function.; line 2 pos 0
	at org.apache.spark.sql.catalyst.analysis.package$AnalysisErrorAt.failAnalysis(package.scala:42)
	at org.apache.spark.sql.catalyst.analysis.Analyzer$ResolveFunctions$$anonfun$apply$25$$anonfun$applyOrElse$101.$anonfun$applyOrElse$103(Analyzer.scala:2092)
	at scala.Option.map(Option.scala:163)
	at org.apache.spark.sql.catalyst.analysis.Analyzer$ResolveFunctions$$anonfun$apply$25$$anonfun$applyOrElse$101.$anonfun$applyOrElse$102(Analyzer.scala:2087)
	at org.apache.spark.sql.catalyst.analysis.package$.withPosition(package.scala:60)
	at org.apache.spark.sql.catalyst.analysis.Analyzer$ResolveFunctions$$anonfun$apply$25$$anonfun$applyOrElse$101.applyOrElse(Analyzer.scala:2094)
	at org.apache.spark.sql.catalyst.analysis.Analyzer$ResolveFunctions$$anonfun$apply$25$$anonfun$applyOrElse$101.applyOrElse(Analyzer.scala:2084)
	at org.apache.spark.sql.catalyst.trees.TreeNode.$anonfun$transformDownWithPruning$1(TreeNode.scala:584)
	at org.apache.spark.sql.catalyst.trees.CurrentOrigin$.withOrigin(TreeNode.scala:176)
	at org.apache.spark.sql.catalyst.trees.TreeNode.transformDownWithPruning(TreeNode.scala:584)
	at org.apache.spark.sql.catalyst.trees.TreeNode.$anonfun$transformDownWithPruning$3(TreeNode.scala:589)
	at org.apache.spark.sql.catalyst.trees.UnaryLike.mapChildren(TreeNode.scala:1228)
	at org.apache.spark.sql.catalyst.trees.UnaryLike.mapChildren$(TreeNode.scala:1227)
	at org.apache.spark.sql.catalyst.expressions.UnaryExpression.mapChildren(Expression.scala:498)
	at org.apache.spark.sql.catalyst.trees.TreeNode.transformDownWithPruning(TreeNode.scala:589)
	at org.apache.spark.sql.catalyst.plans.QueryPlan.$anonfun$transformExpressionsDownWithPruning$1(QueryPlan.scala:159)
	at org.apache.spark.sql.catalyst.plans.QueryPlan.$anonfun$mapExpressions$1(QueryPlan.scala:200)
	at org.apache.spark.sql.catalyst.trees.CurrentOrigin$.withOrigin(TreeNode.scala:176)
	at org.apache.spark.sql.catalyst.plans.QueryPlan.transformExpression$1(QueryPlan.scala:200)
	at org.apache.spark.sql.catalyst.plans.QueryPlan.recursiveTransform$1(QueryPlan.scala:211)
	at org.apache.spark.sql.catalyst.plans.QueryPlan.$anonfun$mapExpressions$3(QueryPlan.scala:216)
	at scala.collection.TraversableLike.$anonfun$map$1(TraversableLike.scala:237)
	at scala.collection.mutable.ResizableArray.foreach(ResizableArray.scala:62)
	at scala.collection.mutable.ResizableArray.foreach$(ResizableArray.scala:55)
	at scala.collection.mutable.ArrayBuffer.foreach(ArrayBuffer.scala:49)
	at scala.collection.TraversableLike.map(TraversableLike.scala:237)
	at scala.collection.TraversableLike.map$(TraversableLike.scala:230)
	at scala.collection.AbstractTraversable.map(Traversable.scala:108)
	at org.apache.spark.sql.catalyst.plans.QueryPlan.recursiveTransform$1(QueryPlan.scala:216)
	at org.apache.spark.sql.catalyst.plans.QueryPlan.$anonfun$mapExpressions$4(QueryPlan.scala:221)
	at org.apache.spark.sql.catalyst.trees.TreeNode.mapProductIterator(TreeNode.scala:427)
	at org.apache.spark.sql.catalyst.plans.QueryPlan.mapExpressions(QueryPlan.scala:221)
	at org.apache.spark.sql.catalyst.plans.QueryPlan.transformExpressionsDownWithPruning(QueryPlan.scala:159)
	at org.apache.spark.sql.catalyst.plans.QueryPlan.transformExpressionsWithPruning(QueryPlan.scala:130)
	at org.apache.spark.sql.catalyst.analysis.Analyzer$ResolveFunctions$$anonfun$apply$25.applyOrElse(Analyzer.scala:2084)
	at org.apache.spark.sql.catalyst.analysis.Analyzer$ResolveFunctions$$anonfun$apply$25.applyOrElse(Analyzer.scala:2063)
	at org.apache.spark.sql.catalyst.plans.logical.AnalysisHelper.$anonfun$resolveOperatorsUpWithPruning$3(AnalysisHelper.scala:138)
	at org.apache.spark.sql.catalyst.trees.CurrentOrigin$.withOrigin(TreeNode.scala:176)
	at org.apache.spark.sql.catalyst.plans.logical.AnalysisHelper.$anonfun$resolveOperatorsUpWithPruning$1(AnalysisHelper.scala:138)
	at org.apache.spark.sql.catalyst.plans.logical.AnalysisHelper$.allowInvokingTransformsInAnalyzer(AnalysisHelper.scala:323)
	at org.apache.spark.sql.catalyst.plans.logical.AnalysisHelper.resolveOperatorsUpWithPruning(AnalysisHelper.scala:134)
	at org.apache.spark.sql.catalyst.plans.logical.AnalysisHelper.resolveOperatorsUpWithPruning$(AnalysisHelper.scala:130)
	at org.apache.spark.sql.catalyst.plans.logical.LogicalPlan.resolveOperatorsUpWithPruning(LogicalPlan.scala:30)
	at org.apache.spark.sql.catalyst.analysis.Analyzer$ResolveFunctions$.apply(Analyzer.scala:2063)
	at org.apache.spark.sql.catalyst.analysis.Analyzer$ResolveFunctions$.apply(Analyzer.scala:2059)
	at org.apache.spark.sql.catalyst.rules.RuleExecutor.$anonfun$execute$2(RuleExecutor.scala:211)
	at scala.collection.LinearSeqOptimized.foldLeft(LinearSeqOptimized.scala:126)
	at scala.collection.LinearSeqOptimized.foldLeft$(LinearSeqOptimized.scala:122)
	at scala.collection.immutable.List.foldLeft(List.scala:89)
	at org.apache.spark.sql.catalyst.rules.RuleExecutor.$anonfun$execute$1(RuleExecutor.scala:208)
	at org.apache.spark.sql.catalyst.rules.RuleExecutor.$anonfun$execute$1$adapted(RuleExecutor.scala:200)
	at scala.collection.immutable.List.foreach(List.scala:392)
	at org.apache.spark.sql.catalyst.rules.RuleExecutor.execute(RuleExecutor.scala:200)
	at org.apache.spark.sql.catalyst.analysis.Analyzer.org$apache$spark$sql$catalyst$analysis$Analyzer$$executeSameContext(Analyzer.scala:227)
	at org.apache.spark.sql.catalyst.analysis.Analyzer.$anonfun$execute$1(Analyzer.scala:223)
	at org.apache.spark.sql.catalyst.analysis.AnalysisContext$.withNewAnalysisContext(Analyzer.scala:172)
	at org.apache.spark.sql.catalyst.analysis.Analyzer.execute(Analyzer.scala:223)
	at org.apache.spark.sql.catalyst.analysis.Analyzer.execute(Analyzer.scala:187)
	at org.apache.spark.sql.catalyst.rules.RuleExecutor.$anonfun$executeAndTrack$1(RuleExecutor.scala:179)
	at org.apache.spark.sql.catalyst.QueryPlanningTracker$.withTracker(QueryPlanningTracker.scala:88)
	at org.apache.spark.sql.catalyst.rules.RuleExecutor.executeAndTrack(RuleExecutor.scala:179)
	at org.apache.spark.sql.catalyst.analysis.Analyzer.$anonfun$executeAndCheck$1(Analyzer.scala:208)
	at org.apache.spark.sql.catalyst.plans.logical.AnalysisHelper$.markInAnalyzer(AnalysisHelper.scala:330)
	at org.apache.spark.sql.catalyst.analysis.Analyzer.executeAndCheck(Analyzer.scala:207)
	at org.apache.spark.sql.execution.QueryExecution.$anonfun$analyzed$1(QueryExecution.scala:76)
	at org.apache.spark.sql.catalyst.QueryPlanningTracker.measurePhase(QueryPlanningTracker.scala:111)
	at org.apache.spark.sql.execution.QueryExecution.$anonfun$executePhase$2(QueryExecution.scala:185)
	at org.apache.spark.sql.execution.QueryExecution$.withInternalError(QueryExecution.scala:510)
	at org.apache.spark.sql.execution.QueryExecution.$anonfun$executePhase$1(QueryExecution.scala:185)
	at org.apache.spark.sql.SparkSession.withActive(SparkSession.scala:779)
	at org.apache.spark.sql.execution.QueryExecution.executePhase(QueryExecution.scala:184)
	at org.apache.spark.sql.execution.QueryExecution.analyzed$lzycompute(QueryExecution.scala:76)
	at org.apache.spark.sql.execution.QueryExecution.analyzed(QueryExecution.scala:74)
	at org.apache.spark.sql.execution.QueryExecution.assertAnalyzed(QueryExecution.scala:66)
	at org.apache.spark.sql.Dataset$.$anonfun$ofRows$1(Dataset.scala:91)
	at org.apache.spark.sql.SparkSession.withActive(SparkSession.scala:779)
	at org.apache.spark.sql.Dataset$.ofRows(Dataset.scala:89)
	at org.apache.spark.sql.Dataset.withPlan(Dataset.scala:3887)
	at org.apache.spark.sql.Dataset.select(Dataset.scala:1519)
	at org.apache.spark.sql.Dataset.selectExpr(Dataset.scala:1553)
	at io.projectglow.tertiary.AggregateByIndexSuite.$anonfun$new$8(AggregateByIndexSuite.scala:89)
	at org.scalatest.OutcomeOf.outcomeOf(OutcomeOf.scala:85)
	at org.scalatest.OutcomeOf.outcomeOf$(OutcomeOf.scala:83)
	at org.scalatest.OutcomeOf$.outcomeOf(OutcomeOf.scala:104)
	at org.scalatest.Transformer.apply(Transformer.scala:22)
	at org.scalatest.Transformer.apply(Transformer.scala:20)
	at org.scalatest.funsuite.AnyFunSuiteLike$$anon$1.apply(AnyFunSuiteLike.scala:190)
	at org.scalatest.TestSuite.withFixture(TestSuite.scala:196)
	at org.scalatest.TestSuite.withFixture$(TestSuite.scala:195)
	at org.scalatest.funsuite.AnyFunSuite.withFixture(AnyFunSuite.scala:1563)
	at org.scalatest.funsuite.AnyFunSuiteLike.invokeWithFixture$1(AnyFunSuiteLike.scala:188)
	at org.scalatest.funsuite.AnyFunSuiteLike.$anonfun$runTest$1(AnyFunSuiteLike.scala:200)
	at org.scalatest.SuperEngine.runTestImpl(Engine.scala:306)
	at org.scalatest.funsuite.AnyFunSuiteLike.runTest(AnyFunSuiteLike.scala:200)
	at org.scalatest.funsuite.AnyFunSuiteLike.runTest$(AnyFunSuiteLike.scala:182)
	at io.projectglow.sql.GlowBaseTest.org$scalatest$BeforeAndAfterEach$$super$runTest(GlowBaseTest.scala:29)
	at org.scalatest.BeforeAndAfterEach.runTest(BeforeAndAfterEach.scala:234)
	at org.scalatest.BeforeAndAfterEach.runTest$(BeforeAndAfterEach.scala:227)
	at io.projectglow.sql.GlowBaseTest.runTest(GlowBaseTest.scala:63)
	at org.scalatest.funsuite.AnyFunSuiteLike.$anonfun$runTests$1(AnyFunSuiteLike.scala:233)
	at org.scalatest.SuperEngine.$anonfun$runTestsInBranch$1(Engine.scala:413)
	at scala.collection.immutable.List.foreach(List.scala:392)
	at org.scalatest.SuperEngine.traverseSubNodes$1(Engine.scala:401)
	at org.scalatest.SuperEngine.runTestsInBranch(Engine.scala:396)
	at org.scalatest.SuperEngine.runTestsImpl(Engine.scala:475)
	at org.scalatest.funsuite.AnyFunSuiteLike.runTests(AnyFunSuiteLike.scala:233)
	at org.scalatest.funsuite.AnyFunSuiteLike.runTests$(AnyFunSuiteLike.scala:232)
	at org.scalatest.funsuite.AnyFunSuite.runTests(AnyFunSuite.scala:1563)
	at org.scalatest.Suite.run(Suite.scala:1112)
	at org.scalatest.Suite.run$(Suite.scala:1094)
	at org.scalatest.funsuite.AnyFunSuite.org$scalatest$funsuite$AnyFunSuiteLike$$super$run(AnyFunSuite.scala:1563)
	at org.scalatest.funsuite.AnyFunSuiteLike.$anonfun$run$1(AnyFunSuiteLike.scala:237)
	at org.scalatest.SuperEngine.runImpl(Engine.scala:535)
	at org.scalatest.funsuite.AnyFunSuiteLike.run(AnyFunSuiteLike.scala:237)
	at org.scalatest.funsuite.AnyFunSuiteLike.run$(AnyFunSuiteLike.scala:236)
	at io.projectglow.sql.GlowBaseTest.org$scalatest$BeforeAndAfterAll$$super$run(GlowBaseTest.scala:29)
	at org.scalatest.BeforeAndAfterAll.liftedTree1$1(BeforeAndAfterAll.scala:213)
	at org.scalatest.BeforeAndAfterAll.run(BeforeAndAfterAll.scala:210)
	at org.scalatest.BeforeAndAfterAll.run$(BeforeAndAfterAll.scala:208)
	at io.projectglow.sql.GlowBaseTest.run(GlowBaseTest.scala:29)
	at org.scalatest.tools.Framework.org$scalatest$tools$Framework$$runSuite(Framework.scala:318)
	at org.scalatest.tools.Framework$ScalaTestTask.execute(Framework.scala:513)
	at sbt.ForkMain$Run.lambda$runTest$1(ForkMain.java:304)
	at java.util.concurrent.FutureTask.run(FutureTask.java:266)
	at java.util.concurrent.ThreadPoolExecutor.runWorker(ThreadPoolExecutor.java:1149)
	at java.util.concurrent.ThreadPoolExecutor$Worker.run(ThreadPoolExecutor.java:624)
	at java.lang.Thread.run(Thread.java:748)
</failure>
                                               </testcase><testcase classname="io.projectglow.tertiary.AggregateByIndexSuite" name="type error" time="0.008">
                                                 
                                               </testcase><testcase classname="io.projectglow.tertiary.AggregateByIndexSuite" name="no evaluate function" time="0.007">
                                                 <failure message="org.apache.spark.sql.AnalysisException: A lambda function should only be used in a higher order function. However, its class is org.apache.spark.sql.catalyst.expressions.aggregate.AggregateExpression, which is not a higher order function.; line 2 pos 0" type="sbt.ForkMain$ForkError">sbt.ForkMain$ForkError: org.apache.spark.sql.AnalysisException: A lambda function should only be used in a higher order function. However, its class is org.apache.spark.sql.catalyst.expressions.aggregate.AggregateExpression, which is not a higher order function.; line 2 pos 0
	at org.apache.spark.sql.catalyst.analysis.package$AnalysisErrorAt.failAnalysis(package.scala:42)
	at org.apache.spark.sql.catalyst.analysis.Analyzer$ResolveFunctions$$anonfun$apply$25$$anonfun$applyOrElse$101.$anonfun$applyOrElse$103(Analyzer.scala:2092)
	at scala.Option.map(Option.scala:163)
	at org.apache.spark.sql.catalyst.analysis.Analyzer$ResolveFunctions$$anonfun$apply$25$$anonfun$applyOrElse$101.$anonfun$applyOrElse$102(Analyzer.scala:2087)
	at org.apache.spark.sql.catalyst.analysis.package$.withPosition(package.scala:60)
	at org.apache.spark.sql.catalyst.analysis.Analyzer$ResolveFunctions$$anonfun$apply$25$$anonfun$applyOrElse$101.applyOrElse(Analyzer.scala:2094)
	at org.apache.spark.sql.catalyst.analysis.Analyzer$ResolveFunctions$$anonfun$apply$25$$anonfun$applyOrElse$101.applyOrElse(Analyzer.scala:2084)
	at org.apache.spark.sql.catalyst.trees.TreeNode.$anonfun$transformDownWithPruning$1(TreeNode.scala:584)
	at org.apache.spark.sql.catalyst.trees.CurrentOrigin$.withOrigin(TreeNode.scala:176)
	at org.apache.spark.sql.catalyst.trees.TreeNode.transformDownWithPruning(TreeNode.scala:584)
	at org.apache.spark.sql.catalyst.trees.TreeNode.$anonfun$transformDownWithPruning$3(TreeNode.scala:589)
	at org.apache.spark.sql.catalyst.trees.UnaryLike.mapChildren(TreeNode.scala:1228)
	at org.apache.spark.sql.catalyst.trees.UnaryLike.mapChildren$(TreeNode.scala:1227)
	at org.apache.spark.sql.catalyst.expressions.UnaryExpression.mapChildren(Expression.scala:498)
	at org.apache.spark.sql.catalyst.trees.TreeNode.transformDownWithPruning(TreeNode.scala:589)
	at org.apache.spark.sql.catalyst.plans.QueryPlan.$anonfun$transformExpressionsDownWithPruning$1(QueryPlan.scala:159)
	at org.apache.spark.sql.catalyst.plans.QueryPlan.$anonfun$mapExpressions$1(QueryPlan.scala:200)
	at org.apache.spark.sql.catalyst.trees.CurrentOrigin$.withOrigin(TreeNode.scala:176)
	at org.apache.spark.sql.catalyst.plans.QueryPlan.transformExpression$1(QueryPlan.scala:200)
	at org.apache.spark.sql.catalyst.plans.QueryPlan.recursiveTransform$1(QueryPlan.scala:211)
	at org.apache.spark.sql.catalyst.plans.QueryPlan.$anonfun$mapExpressions$3(QueryPlan.scala:216)
	at scala.collection.TraversableLike.$anonfun$map$1(TraversableLike.scala:237)
	at scala.collection.mutable.ResizableArray.foreach(ResizableArray.scala:62)
	at scala.collection.mutable.ResizableArray.foreach$(ResizableArray.scala:55)
	at scala.collection.mutable.ArrayBuffer.foreach(ArrayBuffer.scala:49)
	at scala.collection.TraversableLike.map(TraversableLike.scala:237)
	at scala.collection.TraversableLike.map$(TraversableLike.scala:230)
	at scala.collection.AbstractTraversable.map(Traversable.scala:108)
	at org.apache.spark.sql.catalyst.plans.QueryPlan.recursiveTransform$1(QueryPlan.scala:216)
	at org.apache.spark.sql.catalyst.plans.QueryPlan.$anonfun$mapExpressions$4(QueryPlan.scala:221)
	at org.apache.spark.sql.catalyst.trees.TreeNode.mapProductIterator(TreeNode.scala:427)
	at org.apache.spark.sql.catalyst.plans.QueryPlan.mapExpressions(QueryPlan.scala:221)
	at org.apache.spark.sql.catalyst.plans.QueryPlan.transformExpressionsDownWithPruning(QueryPlan.scala:159)
	at org.apache.spark.sql.catalyst.plans.QueryPlan.transformExpressionsWithPruning(QueryPlan.scala:130)
	at org.apache.spark.sql.catalyst.analysis.Analyzer$ResolveFunctions$$anonfun$apply$25.applyOrElse(Analyzer.scala:2084)
	at org.apache.spark.sql.catalyst.analysis.Analyzer$ResolveFunctions$$anonfun$apply$25.applyOrElse(Analyzer.scala:2063)
	at org.apache.spark.sql.catalyst.plans.logical.AnalysisHelper.$anonfun$resolveOperatorsUpWithPruning$3(AnalysisHelper.scala:138)
	at org.apache.spark.sql.catalyst.trees.CurrentOrigin$.withOrigin(TreeNode.scala:176)
	at org.apache.spark.sql.catalyst.plans.logical.AnalysisHelper.$anonfun$resolveOperatorsUpWithPruning$1(AnalysisHelper.scala:138)
	at org.apache.spark.sql.catalyst.plans.logical.AnalysisHelper$.allowInvokingTransformsInAnalyzer(AnalysisHelper.scala:323)
	at org.apache.spark.sql.catalyst.plans.logical.AnalysisHelper.resolveOperatorsUpWithPruning(AnalysisHelper.scala:134)
	at org.apache.spark.sql.catalyst.plans.logical.AnalysisHelper.resolveOperatorsUpWithPruning$(AnalysisHelper.scala:130)
	at org.apache.spark.sql.catalyst.plans.logical.LogicalPlan.resolveOperatorsUpWithPruning(LogicalPlan.scala:30)
	at org.apache.spark.sql.catalyst.analysis.Analyzer$ResolveFunctions$.apply(Analyzer.scala:2063)
	at org.apache.spark.sql.catalyst.analysis.Analyzer$ResolveFunctions$.apply(Analyzer.scala:2059)
	at org.apache.spark.sql.catalyst.rules.RuleExecutor.$anonfun$execute$2(RuleExecutor.scala:211)
	at scala.collection.LinearSeqOptimized.foldLeft(LinearSeqOptimized.scala:126)
	at scala.collection.LinearSeqOptimized.foldLeft$(LinearSeqOptimized.scala:122)
	at scala.collection.immutable.List.foldLeft(List.scala:89)
	at org.apache.spark.sql.catalyst.rules.RuleExecutor.$anonfun$execute$1(RuleExecutor.scala:208)
	at org.apache.spark.sql.catalyst.rules.RuleExecutor.$anonfun$execute$1$adapted(RuleExecutor.scala:200)
	at scala.collection.immutable.List.foreach(List.scala:392)
	at org.apache.spark.sql.catalyst.rules.RuleExecutor.execute(RuleExecutor.scala:200)
	at org.apache.spark.sql.catalyst.analysis.Analyzer.org$apache$spark$sql$catalyst$analysis$Analyzer$$executeSameContext(Analyzer.scala:227)
	at org.apache.spark.sql.catalyst.analysis.Analyzer.$anonfun$execute$1(Analyzer.scala:223)
	at org.apache.spark.sql.catalyst.analysis.AnalysisContext$.withNewAnalysisContext(Analyzer.scala:172)
	at org.apache.spark.sql.catalyst.analysis.Analyzer.execute(Analyzer.scala:223)
	at org.apache.spark.sql.catalyst.analysis.Analyzer.execute(Analyzer.scala:187)
	at org.apache.spark.sql.catalyst.rules.RuleExecutor.$anonfun$executeAndTrack$1(RuleExecutor.scala:179)
	at org.apache.spark.sql.catalyst.QueryPlanningTracker$.withTracker(QueryPlanningTracker.scala:88)
	at org.apache.spark.sql.catalyst.rules.RuleExecutor.executeAndTrack(RuleExecutor.scala:179)
	at org.apache.spark.sql.catalyst.analysis.Analyzer.$anonfun$executeAndCheck$1(Analyzer.scala:208)
	at org.apache.spark.sql.catalyst.plans.logical.AnalysisHelper$.markInAnalyzer(AnalysisHelper.scala:330)
	at org.apache.spark.sql.catalyst.analysis.Analyzer.executeAndCheck(Analyzer.scala:207)
	at org.apache.spark.sql.execution.QueryExecution.$anonfun$analyzed$1(QueryExecution.scala:76)
	at org.apache.spark.sql.catalyst.QueryPlanningTracker.measurePhase(QueryPlanningTracker.scala:111)
	at org.apache.spark.sql.execution.QueryExecution.$anonfun$executePhase$2(QueryExecution.scala:185)
	at org.apache.spark.sql.execution.QueryExecution$.withInternalError(QueryExecution.scala:510)
	at org.apache.spark.sql.execution.QueryExecution.$anonfun$executePhase$1(QueryExecution.scala:185)
	at org.apache.spark.sql.SparkSession.withActive(SparkSession.scala:779)
	at org.apache.spark.sql.execution.QueryExecution.executePhase(QueryExecution.scala:184)
	at org.apache.spark.sql.execution.QueryExecution.analyzed$lzycompute(QueryExecution.scala:76)
	at org.apache.spark.sql.execution.QueryExecution.analyzed(QueryExecution.scala:74)
	at org.apache.spark.sql.execution.QueryExecution.assertAnalyzed(QueryExecution.scala:66)
	at org.apache.spark.sql.Dataset$.$anonfun$ofRows$1(Dataset.scala:91)
	at org.apache.spark.sql.SparkSession.withActive(SparkSession.scala:779)
	at org.apache.spark.sql.Dataset$.ofRows(Dataset.scala:89)
	at org.apache.spark.sql.Dataset.withPlan(Dataset.scala:3887)
	at org.apache.spark.sql.Dataset.select(Dataset.scala:1519)
	at org.apache.spark.sql.Dataset.selectExpr(Dataset.scala:1553)
	at io.projectglow.tertiary.AggregateByIndexSuite.$anonfun$new$12(AggregateByIndexSuite.scala:125)
	at scala.runtime.java8.JFunction0$mcV$sp.apply(JFunction0$mcV$sp.java:23)
	at org.scalatest.OutcomeOf.outcomeOf(OutcomeOf.scala:85)
	at org.scalatest.OutcomeOf.outcomeOf$(OutcomeOf.scala:83)
	at org.scalatest.OutcomeOf$.outcomeOf(OutcomeOf.scala:104)
	at org.scalatest.Transformer.apply(Transformer.scala:22)
	at org.scalatest.Transformer.apply(Transformer.scala:20)
	at org.scalatest.funsuite.AnyFunSuiteLike$$anon$1.apply(AnyFunSuiteLike.scala:190)
	at org.scalatest.TestSuite.withFixture(TestSuite.scala:196)
	at org.scalatest.TestSuite.withFixture$(TestSuite.scala:195)
	at org.scalatest.funsuite.AnyFunSuite.withFixture(AnyFunSuite.scala:1563)
	at org.scalatest.funsuite.AnyFunSuiteLike.invokeWithFixture$1(AnyFunSuiteLike.scala:188)
	at org.scalatest.funsuite.AnyFunSuiteLike.$anonfun$runTest$1(AnyFunSuiteLike.scala:200)
	at org.scalatest.SuperEngine.runTestImpl(Engine.scala:306)
	at org.scalatest.funsuite.AnyFunSuiteLike.runTest(AnyFunSuiteLike.scala:200)
	at org.scalatest.funsuite.AnyFunSuiteLike.runTest$(AnyFunSuiteLike.scala:182)
	at io.projectglow.sql.GlowBaseTest.org$scalatest$BeforeAndAfterEach$$super$runTest(GlowBaseTest.scala:29)
	at org.scalatest.BeforeAndAfterEach.runTest(BeforeAndAfterEach.scala:234)
	at org.scalatest.BeforeAndAfterEach.runTest$(BeforeAndAfterEach.scala:227)
	at io.projectglow.sql.GlowBaseTest.runTest(GlowBaseTest.scala:63)
	at org.scalatest.funsuite.AnyFunSuiteLike.$anonfun$runTests$1(AnyFunSuiteLike.scala:233)
	at org.scalatest.SuperEngine.$anonfun$runTestsInBranch$1(Engine.scala:413)
	at scala.collection.immutable.List.foreach(List.scala:392)
	at org.scalatest.SuperEngine.traverseSubNodes$1(Engine.scala:401)
	at org.scalatest.SuperEngine.runTestsInBranch(Engine.scala:396)
	at org.scalatest.SuperEngine.runTestsImpl(Engine.scala:475)
	at org.scalatest.funsuite.AnyFunSuiteLike.runTests(AnyFunSuiteLike.scala:233)
	at org.scalatest.funsuite.AnyFunSuiteLike.runTests$(AnyFunSuiteLike.scala:232)
	at org.scalatest.funsuite.AnyFunSuite.runTests(AnyFunSuite.scala:1563)
	at org.scalatest.Suite.run(Suite.scala:1112)
	at org.scalatest.Suite.run$(Suite.scala:1094)
	at org.scalatest.funsuite.AnyFunSuite.org$scalatest$funsuite$AnyFunSuiteLike$$super$run(AnyFunSuite.scala:1563)
	at org.scalatest.funsuite.AnyFunSuiteLike.$anonfun$run$1(AnyFunSuiteLike.scala:237)
	at org.scalatest.SuperEngine.runImpl(Engine.scala:535)
	at org.scalatest.funsuite.AnyFunSuiteLike.run(AnyFunSuiteLike.scala:237)
	at org.scalatest.funsuite.AnyFunSuiteLike.run$(AnyFunSuiteLike.scala:236)
	at io.projectglow.sql.GlowBaseTest.org$scalatest$BeforeAndAfterAll$$super$run(GlowBaseTest.scala:29)
	at org.scalatest.BeforeAndAfterAll.liftedTree1$1(BeforeAndAfterAll.scala:213)
	at org.scalatest.BeforeAndAfterAll.run(BeforeAndAfterAll.scala:210)
	at org.scalatest.BeforeAndAfterAll.run$(BeforeAndAfterAll.scala:208)
	at io.projectglow.sql.GlowBaseTest.run(GlowBaseTest.scala:29)
	at org.scalatest.tools.Framework.org$scalatest$tools$Framework$$runSuite(Framework.scala:318)
	at org.scalatest.tools.Framework$ScalaTestTask.execute(Framework.scala:513)
	at sbt.ForkMain$Run.lambda$runTest$1(ForkMain.java:304)
	at java.util.concurrent.FutureTask.run(FutureTask.java:266)
	at java.util.concurrent.ThreadPoolExecutor.runWorker(ThreadPoolExecutor.java:1149)
	at java.util.concurrent.ThreadPoolExecutor$Worker.run(ThreadPoolExecutor.java:624)
	at java.lang.Thread.run(Thread.java:748)
</failure>
                                               </testcase><testcase classname="io.projectglow.tertiary.AggregateByIndexSuite" name="empty dataframe" time="0.005">
                                                 <failure message="org.apache.spark.sql.AnalysisException: A lambda function should only be used in a higher order function. However, its class is org.apache.spark.sql.catalyst.expressions.aggregate.AggregateExpression, which is not a higher order function.; line 2 pos 0" type="sbt.ForkMain$ForkError">sbt.ForkMain$ForkError: org.apache.spark.sql.AnalysisException: A lambda function should only be used in a higher order function. However, its class is org.apache.spark.sql.catalyst.expressions.aggregate.AggregateExpression, which is not a higher order function.; line 2 pos 0
	at org.apache.spark.sql.catalyst.analysis.package$AnalysisErrorAt.failAnalysis(package.scala:42)
	at org.apache.spark.sql.catalyst.analysis.Analyzer$ResolveFunctions$$anonfun$apply$25$$anonfun$applyOrElse$101.$anonfun$applyOrElse$103(Analyzer.scala:2092)
	at scala.Option.map(Option.scala:163)
	at org.apache.spark.sql.catalyst.analysis.Analyzer$ResolveFunctions$$anonfun$apply$25$$anonfun$applyOrElse$101.$anonfun$applyOrElse$102(Analyzer.scala:2087)
	at org.apache.spark.sql.catalyst.analysis.package$.withPosition(package.scala:60)
	at org.apache.spark.sql.catalyst.analysis.Analyzer$ResolveFunctions$$anonfun$apply$25$$anonfun$applyOrElse$101.applyOrElse(Analyzer.scala:2094)
	at org.apache.spark.sql.catalyst.analysis.Analyzer$ResolveFunctions$$anonfun$apply$25$$anonfun$applyOrElse$101.applyOrElse(Analyzer.scala:2084)
	at org.apache.spark.sql.catalyst.trees.TreeNode.$anonfun$transformDownWithPruning$1(TreeNode.scala:584)
	at org.apache.spark.sql.catalyst.trees.CurrentOrigin$.withOrigin(TreeNode.scala:176)
	at org.apache.spark.sql.catalyst.trees.TreeNode.transformDownWithPruning(TreeNode.scala:584)
	at org.apache.spark.sql.catalyst.trees.TreeNode.$anonfun$transformDownWithPruning$3(TreeNode.scala:589)
	at org.apache.spark.sql.catalyst.trees.UnaryLike.mapChildren(TreeNode.scala:1228)
	at org.apache.spark.sql.catalyst.trees.UnaryLike.mapChildren$(TreeNode.scala:1227)
	at org.apache.spark.sql.catalyst.expressions.UnaryExpression.mapChildren(Expression.scala:498)
	at org.apache.spark.sql.catalyst.trees.TreeNode.transformDownWithPruning(TreeNode.scala:589)
	at org.apache.spark.sql.catalyst.plans.QueryPlan.$anonfun$transformExpressionsDownWithPruning$1(QueryPlan.scala:159)
	at org.apache.spark.sql.catalyst.plans.QueryPlan.$anonfun$mapExpressions$1(QueryPlan.scala:200)
	at org.apache.spark.sql.catalyst.trees.CurrentOrigin$.withOrigin(TreeNode.scala:176)
	at org.apache.spark.sql.catalyst.plans.QueryPlan.transformExpression$1(QueryPlan.scala:200)
	at org.apache.spark.sql.catalyst.plans.QueryPlan.recursiveTransform$1(QueryPlan.scala:211)
	at org.apache.spark.sql.catalyst.plans.QueryPlan.$anonfun$mapExpressions$3(QueryPlan.scala:216)
	at scala.collection.TraversableLike.$anonfun$map$1(TraversableLike.scala:237)
	at scala.collection.mutable.ResizableArray.foreach(ResizableArray.scala:62)
	at scala.collection.mutable.ResizableArray.foreach$(ResizableArray.scala:55)
	at scala.collection.mutable.ArrayBuffer.foreach(ArrayBuffer.scala:49)
	at scala.collection.TraversableLike.map(TraversableLike.scala:237)
	at scala.collection.TraversableLike.map$(TraversableLike.scala:230)
	at scala.collection.AbstractTraversable.map(Traversable.scala:108)
	at org.apache.spark.sql.catalyst.plans.QueryPlan.recursiveTransform$1(QueryPlan.scala:216)
	at org.apache.spark.sql.catalyst.plans.QueryPlan.$anonfun$mapExpressions$4(QueryPlan.scala:221)
	at org.apache.spark.sql.catalyst.trees.TreeNode.mapProductIterator(TreeNode.scala:427)
	at org.apache.spark.sql.catalyst.plans.QueryPlan.mapExpressions(QueryPlan.scala:221)
	at org.apache.spark.sql.catalyst.plans.QueryPlan.transformExpressionsDownWithPruning(QueryPlan.scala:159)
	at org.apache.spark.sql.catalyst.plans.QueryPlan.transformExpressionsWithPruning(QueryPlan.scala:130)
	at org.apache.spark.sql.catalyst.analysis.Analyzer$ResolveFunctions$$anonfun$apply$25.applyOrElse(Analyzer.scala:2084)
	at org.apache.spark.sql.catalyst.analysis.Analyzer$ResolveFunctions$$anonfun$apply$25.applyOrElse(Analyzer.scala:2063)
	at org.apache.spark.sql.catalyst.plans.logical.AnalysisHelper.$anonfun$resolveOperatorsUpWithPruning$3(AnalysisHelper.scala:138)
	at org.apache.spark.sql.catalyst.trees.CurrentOrigin$.withOrigin(TreeNode.scala:176)
	at org.apache.spark.sql.catalyst.plans.logical.AnalysisHelper.$anonfun$resolveOperatorsUpWithPruning$1(AnalysisHelper.scala:138)
	at org.apache.spark.sql.catalyst.plans.logical.AnalysisHelper$.allowInvokingTransformsInAnalyzer(AnalysisHelper.scala:323)
	at org.apache.spark.sql.catalyst.plans.logical.AnalysisHelper.resolveOperatorsUpWithPruning(AnalysisHelper.scala:134)
	at org.apache.spark.sql.catalyst.plans.logical.AnalysisHelper.resolveOperatorsUpWithPruning$(AnalysisHelper.scala:130)
	at org.apache.spark.sql.catalyst.plans.logical.LogicalPlan.resolveOperatorsUpWithPruning(LogicalPlan.scala:30)
	at org.apache.spark.sql.catalyst.analysis.Analyzer$ResolveFunctions$.apply(Analyzer.scala:2063)
	at org.apache.spark.sql.catalyst.analysis.Analyzer$ResolveFunctions$.apply(Analyzer.scala:2059)
	at org.apache.spark.sql.catalyst.rules.RuleExecutor.$anonfun$execute$2(RuleExecutor.scala:211)
	at scala.collection.LinearSeqOptimized.foldLeft(LinearSeqOptimized.scala:126)
	at scala.collection.LinearSeqOptimized.foldLeft$(LinearSeqOptimized.scala:122)
	at scala.collection.immutable.List.foldLeft(List.scala:89)
	at org.apache.spark.sql.catalyst.rules.RuleExecutor.$anonfun$execute$1(RuleExecutor.scala:208)
	at org.apache.spark.sql.catalyst.rules.RuleExecutor.$anonfun$execute$1$adapted(RuleExecutor.scala:200)
	at scala.collection.immutable.List.foreach(List.scala:392)
	at org.apache.spark.sql.catalyst.rules.RuleExecutor.execute(RuleExecutor.scala:200)
	at org.apache.spark.sql.catalyst.analysis.Analyzer.org$apache$spark$sql$catalyst$analysis$Analyzer$$executeSameContext(Analyzer.scala:227)
	at org.apache.spark.sql.catalyst.analysis.Analyzer.$anonfun$execute$1(Analyzer.scala:223)
	at org.apache.spark.sql.catalyst.analysis.AnalysisContext$.withNewAnalysisContext(Analyzer.scala:172)
	at org.apache.spark.sql.catalyst.analysis.Analyzer.execute(Analyzer.scala:223)
	at org.apache.spark.sql.catalyst.analysis.Analyzer.execute(Analyzer.scala:187)
	at org.apache.spark.sql.catalyst.rules.RuleExecutor.$anonfun$executeAndTrack$1(RuleExecutor.scala:179)
	at org.apache.spark.sql.catalyst.QueryPlanningTracker$.withTracker(QueryPlanningTracker.scala:88)
	at org.apache.spark.sql.catalyst.rules.RuleExecutor.executeAndTrack(RuleExecutor.scala:179)
	at org.apache.spark.sql.catalyst.analysis.Analyzer.$anonfun$executeAndCheck$1(Analyzer.scala:208)
	at org.apache.spark.sql.catalyst.plans.logical.AnalysisHelper$.markInAnalyzer(AnalysisHelper.scala:330)
	at org.apache.spark.sql.catalyst.analysis.Analyzer.executeAndCheck(Analyzer.scala:207)
	at org.apache.spark.sql.execution.QueryExecution.$anonfun$analyzed$1(QueryExecution.scala:76)
	at org.apache.spark.sql.catalyst.QueryPlanningTracker.measurePhase(QueryPlanningTracker.scala:111)
	at org.apache.spark.sql.execution.QueryExecution.$anonfun$executePhase$2(QueryExecution.scala:185)
	at org.apache.spark.sql.execution.QueryExecution$.withInternalError(QueryExecution.scala:510)
	at org.apache.spark.sql.execution.QueryExecution.$anonfun$executePhase$1(QueryExecution.scala:185)
	at org.apache.spark.sql.SparkSession.withActive(SparkSession.scala:779)
	at org.apache.spark.sql.execution.QueryExecution.executePhase(QueryExecution.scala:184)
	at org.apache.spark.sql.execution.QueryExecution.analyzed$lzycompute(QueryExecution.scala:76)
	at org.apache.spark.sql.execution.QueryExecution.analyzed(QueryExecution.scala:74)
	at org.apache.spark.sql.execution.QueryExecution.assertAnalyzed(QueryExecution.scala:66)
	at org.apache.spark.sql.Dataset$.$anonfun$ofRows$1(Dataset.scala:91)
	at org.apache.spark.sql.SparkSession.withActive(SparkSession.scala:779)
	at org.apache.spark.sql.Dataset$.ofRows(Dataset.scala:89)
	at org.apache.spark.sql.Dataset.withPlan(Dataset.scala:3887)
	at org.apache.spark.sql.Dataset.select(Dataset.scala:1519)
	at org.apache.spark.sql.Dataset.selectExpr(Dataset.scala:1553)
	at io.projectglow.tertiary.AggregateByIndexSuite.$anonfun$new$14(AggregateByIndexSuite.scala:144)
	at org.scalatest.OutcomeOf.outcomeOf(OutcomeOf.scala:85)
	at org.scalatest.OutcomeOf.outcomeOf$(OutcomeOf.scala:83)
	at org.scalatest.OutcomeOf$.outcomeOf(OutcomeOf.scala:104)
	at org.scalatest.Transformer.apply(Transformer.scala:22)
	at org.scalatest.Transformer.apply(Transformer.scala:20)
	at org.scalatest.funsuite.AnyFunSuiteLike$$anon$1.apply(AnyFunSuiteLike.scala:190)
	at org.scalatest.TestSuite.withFixture(TestSuite.scala:196)
	at org.scalatest.TestSuite.withFixture$(TestSuite.scala:195)
	at org.scalatest.funsuite.AnyFunSuite.withFixture(AnyFunSuite.scala:1563)
	at org.scalatest.funsuite.AnyFunSuiteLike.invokeWithFixture$1(AnyFunSuiteLike.scala:188)
	at org.scalatest.funsuite.AnyFunSuiteLike.$anonfun$runTest$1(AnyFunSuiteLike.scala:200)
	at org.scalatest.SuperEngine.runTestImpl(Engine.scala:306)
	at org.scalatest.funsuite.AnyFunSuiteLike.runTest(AnyFunSuiteLike.scala:200)
	at org.scalatest.funsuite.AnyFunSuiteLike.runTest$(AnyFunSuiteLike.scala:182)
	at io.projectglow.sql.GlowBaseTest.org$scalatest$BeforeAndAfterEach$$super$runTest(GlowBaseTest.scala:29)
	at org.scalatest.BeforeAndAfterEach.runTest(BeforeAndAfterEach.scala:234)
	at org.scalatest.BeforeAndAfterEach.runTest$(BeforeAndAfterEach.scala:227)
	at io.projectglow.sql.GlowBaseTest.runTest(GlowBaseTest.scala:63)
	at org.scalatest.funsuite.AnyFunSuiteLike.$anonfun$runTests$1(AnyFunSuiteLike.scala:233)
	at org.scalatest.SuperEngine.$anonfun$runTestsInBranch$1(Engine.scala:413)
	at scala.collection.immutable.List.foreach(List.scala:392)
	at org.scalatest.SuperEngine.traverseSubNodes$1(Engine.scala:401)
	at org.scalatest.SuperEngine.runTestsInBranch(Engine.scala:396)
	at org.scalatest.SuperEngine.runTestsImpl(Engine.scala:475)
	at org.scalatest.funsuite.AnyFunSuiteLike.runTests(AnyFunSuiteLike.scala:233)
	at org.scalatest.funsuite.AnyFunSuiteLike.runTests$(AnyFunSuiteLike.scala:232)
	at org.scalatest.funsuite.AnyFunSuite.runTests(AnyFunSuite.scala:1563)
	at org.scalatest.Suite.run(Suite.scala:1112)
	at org.scalatest.Suite.run$(Suite.scala:1094)
	at org.scalatest.funsuite.AnyFunSuite.org$scalatest$funsuite$AnyFunSuiteLike$$super$run(AnyFunSuite.scala:1563)
	at org.scalatest.funsuite.AnyFunSuiteLike.$anonfun$run$1(AnyFunSuiteLike.scala:237)
	at org.scalatest.SuperEngine.runImpl(Engine.scala:535)
	at org.scalatest.funsuite.AnyFunSuiteLike.run(AnyFunSuiteLike.scala:237)
	at org.scalatest.funsuite.AnyFunSuiteLike.run$(AnyFunSuiteLike.scala:236)
	at io.projectglow.sql.GlowBaseTest.org$scalatest$BeforeAndAfterAll$$super$run(GlowBaseTest.scala:29)
	at org.scalatest.BeforeAndAfterAll.liftedTree1$1(BeforeAndAfterAll.scala:213)
	at org.scalatest.BeforeAndAfterAll.run(BeforeAndAfterAll.scala:210)
	at org.scalatest.BeforeAndAfterAll.run$(BeforeAndAfterAll.scala:208)
	at io.projectglow.sql.GlowBaseTest.run(GlowBaseTest.scala:29)
	at org.scalatest.tools.Framework.org$scalatest$tools$Framework$$runSuite(Framework.scala:318)
	at org.scalatest.tools.Framework$ScalaTestTask.execute(Framework.scala:513)
	at sbt.ForkMain$Run.lambda$runTest$1(ForkMain.java:304)
	at java.util.concurrent.FutureTask.run(FutureTask.java:266)
	at java.util.concurrent.ThreadPoolExecutor.runWorker(ThreadPoolExecutor.java:1149)
	at java.util.concurrent.ThreadPoolExecutor$Worker.run(ThreadPoolExecutor.java:624)
	at java.lang.Thread.run(Thread.java:748)
</failure>
                                               </testcase><testcase classname="io.projectglow.tertiary.AggregateByIndexSuite" name="null array" time="0.003">
                                                 <failure message="org.apache.spark.sql.AnalysisException: A lambda function should only be used in a higher order function. However, its class is org.apache.spark.sql.catalyst.expressions.aggregate.AggregateExpression, which is not a higher order function.; line 2 pos 0" type="sbt.ForkMain$ForkError">sbt.ForkMain$ForkError: org.apache.spark.sql.AnalysisException: A lambda function should only be used in a higher order function. However, its class is org.apache.spark.sql.catalyst.expressions.aggregate.AggregateExpression, which is not a higher order function.; line 2 pos 0
	at org.apache.spark.sql.catalyst.analysis.package$AnalysisErrorAt.failAnalysis(package.scala:42)
	at org.apache.spark.sql.catalyst.analysis.Analyzer$ResolveFunctions$$anonfun$apply$25$$anonfun$applyOrElse$101.$anonfun$applyOrElse$103(Analyzer.scala:2092)
	at scala.Option.map(Option.scala:163)
	at org.apache.spark.sql.catalyst.analysis.Analyzer$ResolveFunctions$$anonfun$apply$25$$anonfun$applyOrElse$101.$anonfun$applyOrElse$102(Analyzer.scala:2087)
	at org.apache.spark.sql.catalyst.analysis.package$.withPosition(package.scala:60)
	at org.apache.spark.sql.catalyst.analysis.Analyzer$ResolveFunctions$$anonfun$apply$25$$anonfun$applyOrElse$101.applyOrElse(Analyzer.scala:2094)
	at org.apache.spark.sql.catalyst.analysis.Analyzer$ResolveFunctions$$anonfun$apply$25$$anonfun$applyOrElse$101.applyOrElse(Analyzer.scala:2084)
	at org.apache.spark.sql.catalyst.trees.TreeNode.$anonfun$transformDownWithPruning$1(TreeNode.scala:584)
	at org.apache.spark.sql.catalyst.trees.CurrentOrigin$.withOrigin(TreeNode.scala:176)
	at org.apache.spark.sql.catalyst.trees.TreeNode.transformDownWithPruning(TreeNode.scala:584)
	at org.apache.spark.sql.catalyst.trees.TreeNode.$anonfun$transformDownWithPruning$3(TreeNode.scala:589)
	at org.apache.spark.sql.catalyst.trees.UnaryLike.mapChildren(TreeNode.scala:1228)
	at org.apache.spark.sql.catalyst.trees.UnaryLike.mapChildren$(TreeNode.scala:1227)
	at org.apache.spark.sql.catalyst.expressions.UnaryExpression.mapChildren(Expression.scala:498)
	at org.apache.spark.sql.catalyst.trees.TreeNode.transformDownWithPruning(TreeNode.scala:589)
	at org.apache.spark.sql.catalyst.plans.QueryPlan.$anonfun$transformExpressionsDownWithPruning$1(QueryPlan.scala:159)
	at org.apache.spark.sql.catalyst.plans.QueryPlan.$anonfun$mapExpressions$1(QueryPlan.scala:200)
	at org.apache.spark.sql.catalyst.trees.CurrentOrigin$.withOrigin(TreeNode.scala:176)
	at org.apache.spark.sql.catalyst.plans.QueryPlan.transformExpression$1(QueryPlan.scala:200)
	at org.apache.spark.sql.catalyst.plans.QueryPlan.recursiveTransform$1(QueryPlan.scala:211)
	at org.apache.spark.sql.catalyst.plans.QueryPlan.$anonfun$mapExpressions$3(QueryPlan.scala:216)
	at scala.collection.TraversableLike.$anonfun$map$1(TraversableLike.scala:237)
	at scala.collection.mutable.ResizableArray.foreach(ResizableArray.scala:62)
	at scala.collection.mutable.ResizableArray.foreach$(ResizableArray.scala:55)
	at scala.collection.mutable.ArrayBuffer.foreach(ArrayBuffer.scala:49)
	at scala.collection.TraversableLike.map(TraversableLike.scala:237)
	at scala.collection.TraversableLike.map$(TraversableLike.scala:230)
	at scala.collection.AbstractTraversable.map(Traversable.scala:108)
	at org.apache.spark.sql.catalyst.plans.QueryPlan.recursiveTransform$1(QueryPlan.scala:216)
	at org.apache.spark.sql.catalyst.plans.QueryPlan.$anonfun$mapExpressions$4(QueryPlan.scala:221)
	at org.apache.spark.sql.catalyst.trees.TreeNode.mapProductIterator(TreeNode.scala:427)
	at org.apache.spark.sql.catalyst.plans.QueryPlan.mapExpressions(QueryPlan.scala:221)
	at org.apache.spark.sql.catalyst.plans.QueryPlan.transformExpressionsDownWithPruning(QueryPlan.scala:159)
	at org.apache.spark.sql.catalyst.plans.QueryPlan.transformExpressionsWithPruning(QueryPlan.scala:130)
	at org.apache.spark.sql.catalyst.analysis.Analyzer$ResolveFunctions$$anonfun$apply$25.applyOrElse(Analyzer.scala:2084)
	at org.apache.spark.sql.catalyst.analysis.Analyzer$ResolveFunctions$$anonfun$apply$25.applyOrElse(Analyzer.scala:2063)
	at org.apache.spark.sql.catalyst.plans.logical.AnalysisHelper.$anonfun$resolveOperatorsUpWithPruning$3(AnalysisHelper.scala:138)
	at org.apache.spark.sql.catalyst.trees.CurrentOrigin$.withOrigin(TreeNode.scala:176)
	at org.apache.spark.sql.catalyst.plans.logical.AnalysisHelper.$anonfun$resolveOperatorsUpWithPruning$1(AnalysisHelper.scala:138)
	at org.apache.spark.sql.catalyst.plans.logical.AnalysisHelper$.allowInvokingTransformsInAnalyzer(AnalysisHelper.scala:323)
	at org.apache.spark.sql.catalyst.plans.logical.AnalysisHelper.resolveOperatorsUpWithPruning(AnalysisHelper.scala:134)
	at org.apache.spark.sql.catalyst.plans.logical.AnalysisHelper.resolveOperatorsUpWithPruning$(AnalysisHelper.scala:130)
	at org.apache.spark.sql.catalyst.plans.logical.LogicalPlan.resolveOperatorsUpWithPruning(LogicalPlan.scala:30)
	at org.apache.spark.sql.catalyst.analysis.Analyzer$ResolveFunctions$.apply(Analyzer.scala:2063)
	at org.apache.spark.sql.catalyst.analysis.Analyzer$ResolveFunctions$.apply(Analyzer.scala:2059)
	at org.apache.spark.sql.catalyst.rules.RuleExecutor.$anonfun$execute$2(RuleExecutor.scala:211)
	at scala.collection.LinearSeqOptimized.foldLeft(LinearSeqOptimized.scala:126)
	at scala.collection.LinearSeqOptimized.foldLeft$(LinearSeqOptimized.scala:122)
	at scala.collection.immutable.List.foldLeft(List.scala:89)
	at org.apache.spark.sql.catalyst.rules.RuleExecutor.$anonfun$execute$1(RuleExecutor.scala:208)
	at org.apache.spark.sql.catalyst.rules.RuleExecutor.$anonfun$execute$1$adapted(RuleExecutor.scala:200)
	at scala.collection.immutable.List.foreach(List.scala:392)
	at org.apache.spark.sql.catalyst.rules.RuleExecutor.execute(RuleExecutor.scala:200)
	at org.apache.spark.sql.catalyst.analysis.Analyzer.org$apache$spark$sql$catalyst$analysis$Analyzer$$executeSameContext(Analyzer.scala:227)
	at org.apache.spark.sql.catalyst.analysis.Analyzer.$anonfun$execute$1(Analyzer.scala:223)
	at org.apache.spark.sql.catalyst.analysis.AnalysisContext$.withNewAnalysisContext(Analyzer.scala:172)
	at org.apache.spark.sql.catalyst.analysis.Analyzer.execute(Analyzer.scala:223)
	at org.apache.spark.sql.catalyst.analysis.Analyzer.execute(Analyzer.scala:187)
	at org.apache.spark.sql.catalyst.rules.RuleExecutor.$anonfun$executeAndTrack$1(RuleExecutor.scala:179)
	at org.apache.spark.sql.catalyst.QueryPlanningTracker$.withTracker(QueryPlanningTracker.scala:88)
	at org.apache.spark.sql.catalyst.rules.RuleExecutor.executeAndTrack(RuleExecutor.scala:179)
	at org.apache.spark.sql.catalyst.analysis.Analyzer.$anonfun$executeAndCheck$1(Analyzer.scala:208)
	at org.apache.spark.sql.catalyst.plans.logical.AnalysisHelper$.markInAnalyzer(AnalysisHelper.scala:330)
	at org.apache.spark.sql.catalyst.analysis.Analyzer.executeAndCheck(Analyzer.scala:207)
	at org.apache.spark.sql.execution.QueryExecution.$anonfun$analyzed$1(QueryExecution.scala:76)
	at org.apache.spark.sql.catalyst.QueryPlanningTracker.measurePhase(QueryPlanningTracker.scala:111)
	at org.apache.spark.sql.execution.QueryExecution.$anonfun$executePhase$2(QueryExecution.scala:185)
	at org.apache.spark.sql.execution.QueryExecution$.withInternalError(QueryExecution.scala:510)
	at org.apache.spark.sql.execution.QueryExecution.$anonfun$executePhase$1(QueryExecution.scala:185)
	at org.apache.spark.sql.SparkSession.withActive(SparkSession.scala:779)
	at org.apache.spark.sql.execution.QueryExecution.executePhase(QueryExecution.scala:184)
	at org.apache.spark.sql.execution.QueryExecution.analyzed$lzycompute(QueryExecution.scala:76)
	at org.apache.spark.sql.execution.QueryExecution.analyzed(QueryExecution.scala:74)
	at org.apache.spark.sql.execution.QueryExecution.assertAnalyzed(QueryExecution.scala:66)
	at org.apache.spark.sql.Dataset$.$anonfun$ofRows$1(Dataset.scala:91)
	at org.apache.spark.sql.SparkSession.withActive(SparkSession.scala:779)
	at org.apache.spark.sql.Dataset$.ofRows(Dataset.scala:89)
	at org.apache.spark.sql.Dataset.withPlan(Dataset.scala:3887)
	at org.apache.spark.sql.Dataset.select(Dataset.scala:1519)
	at org.apache.spark.sql.Dataset.selectExpr(Dataset.scala:1553)
	at io.projectglow.tertiary.AggregateByIndexSuite.$anonfun$new$15(AggregateByIndexSuite.scala:164)
	at org.scalatest.OutcomeOf.outcomeOf(OutcomeOf.scala:85)
	at org.scalatest.OutcomeOf.outcomeOf$(OutcomeOf.scala:83)
	at org.scalatest.OutcomeOf$.outcomeOf(OutcomeOf.scala:104)
	at org.scalatest.Transformer.apply(Transformer.scala:22)
	at org.scalatest.Transformer.apply(Transformer.scala:20)
	at org.scalatest.funsuite.AnyFunSuiteLike$$anon$1.apply(AnyFunSuiteLike.scala:190)
	at org.scalatest.TestSuite.withFixture(TestSuite.scala:196)
	at org.scalatest.TestSuite.withFixture$(TestSuite.scala:195)
	at org.scalatest.funsuite.AnyFunSuite.withFixture(AnyFunSuite.scala:1563)
	at org.scalatest.funsuite.AnyFunSuiteLike.invokeWithFixture$1(AnyFunSuiteLike.scala:188)
	at org.scalatest.funsuite.AnyFunSuiteLike.$anonfun$runTest$1(AnyFunSuiteLike.scala:200)
	at org.scalatest.SuperEngine.runTestImpl(Engine.scala:306)
	at org.scalatest.funsuite.AnyFunSuiteLike.runTest(AnyFunSuiteLike.scala:200)
	at org.scalatest.funsuite.AnyFunSuiteLike.runTest$(AnyFunSuiteLike.scala:182)
	at io.projectglow.sql.GlowBaseTest.org$scalatest$BeforeAndAfterEach$$super$runTest(GlowBaseTest.scala:29)
	at org.scalatest.BeforeAndAfterEach.runTest(BeforeAndAfterEach.scala:234)
	at org.scalatest.BeforeAndAfterEach.runTest$(BeforeAndAfterEach.scala:227)
	at io.projectglow.sql.GlowBaseTest.runTest(GlowBaseTest.scala:63)
	at org.scalatest.funsuite.AnyFunSuiteLike.$anonfun$runTests$1(AnyFunSuiteLike.scala:233)
	at org.scalatest.SuperEngine.$anonfun$runTestsInBranch$1(Engine.scala:413)
	at scala.collection.immutable.List.foreach(List.scala:392)
	at org.scalatest.SuperEngine.traverseSubNodes$1(Engine.scala:401)
	at org.scalatest.SuperEngine.runTestsInBranch(Engine.scala:396)
	at org.scalatest.SuperEngine.runTestsImpl(Engine.scala:475)
	at org.scalatest.funsuite.AnyFunSuiteLike.runTests(AnyFunSuiteLike.scala:233)
	at org.scalatest.funsuite.AnyFunSuiteLike.runTests$(AnyFunSuiteLike.scala:232)
	at org.scalatest.funsuite.AnyFunSuite.runTests(AnyFunSuite.scala:1563)
	at org.scalatest.Suite.run(Suite.scala:1112)
	at org.scalatest.Suite.run$(Suite.scala:1094)
	at org.scalatest.funsuite.AnyFunSuite.org$scalatest$funsuite$AnyFunSuiteLike$$super$run(AnyFunSuite.scala:1563)
	at org.scalatest.funsuite.AnyFunSuiteLike.$anonfun$run$1(AnyFunSuiteLike.scala:237)
	at org.scalatest.SuperEngine.runImpl(Engine.scala:535)
	at org.scalatest.funsuite.AnyFunSuiteLike.run(AnyFunSuiteLike.scala:237)
	at org.scalatest.funsuite.AnyFunSuiteLike.run$(AnyFunSuiteLike.scala:236)
	at io.projectglow.sql.GlowBaseTest.org$scalatest$BeforeAndAfterAll$$super$run(GlowBaseTest.scala:29)
	at org.scalatest.BeforeAndAfterAll.liftedTree1$1(BeforeAndAfterAll.scala:213)
	at org.scalatest.BeforeAndAfterAll.run(BeforeAndAfterAll.scala:210)
	at org.scalatest.BeforeAndAfterAll.run$(BeforeAndAfterAll.scala:208)
	at io.projectglow.sql.GlowBaseTest.run(GlowBaseTest.scala:29)
	at org.scalatest.tools.Framework.org$scalatest$tools$Framework$$runSuite(Framework.scala:318)
	at org.scalatest.tools.Framework$ScalaTestTask.execute(Framework.scala:513)
	at sbt.ForkMain$Run.lambda$runTest$1(ForkMain.java:304)
	at java.util.concurrent.FutureTask.run(FutureTask.java:266)
	at java.util.concurrent.ThreadPoolExecutor.runWorker(ThreadPoolExecutor.java:1149)
	at java.util.concurrent.ThreadPoolExecutor$Worker.run(ThreadPoolExecutor.java:624)
	at java.lang.Thread.run(Thread.java:748)
</failure>
                                               </testcase>
                     <system-out><![CDATA[]]></system-out>
                     <system-err><![CDATA[]]></system-err>
                   </testsuite>