<?xml version='1.0' encoding='UTF-8'?>
<testsuite hostname="cloud122" name="io.projectglow.gff.GffReaderSuite" tests="16" errors="0" failures="0" skipped="0" time="2.113" timestamp="2023-11-03T13:37:51">
                     <properties>
[...]
</properties>
                     <testcase classname="io.projectglow.gff.GffReaderSuite" name="gff)" time="0.082">
                                                 
                                               </testcase><testcase classname="io.projectglow.gff.GffReaderSuite" name="gff)" time="0.055">
                                                 
                                               </testcase><testcase classname="io.projectglow.gff.GffReaderSuite" name="Case-and-underscore-insensitive attribute column names in user-specified schema (StructType(StructField(seqId,StringType,true),StructField(source,StringType,true),StructField(type,StringType,true),StructField(start,LongType,true),StructField(end,LongType,true),StructField(score,DoubleType,true),StructField(strand,StringType,true),StructField(phase,IntegerType,true),StructField(attributes,StringType,true),StructField(dbxref,ArrayType(StringType,true),true),StructField(iscircular,BooleanType,true)))" time="0.118">
                                                 
                                               </testcase><testcase classname="io.projectglow.gff.GffReaderSuite" name="Case-and-underscore-insensitive attribute column names in user-specified schema (StructType(StructField(seqId,StringType,true),StructField(source,StringType,true),StructField(type,StringType,true),StructField(start,LongType,true),StructField(end,LongType,true),StructField(score,DoubleType,true),StructField(strand,StringType,true),StructField(phase,IntegerType,true),StructField(attributes,StringType,true),StructField(Dbxref,ArrayType(StringType,true),true),StructField(isCircular,BooleanType,true)))" time="0.06">
                                                 
                                               </testcase><testcase classname="io.projectglow.gff.GffReaderSuite" name="Case-and-underscore-insensitive attribute column names in user-specified schema (StructType(StructField(seqId,StringType,true),StructField(source,StringType,true),StructField(type,StringType,true),StructField(start,LongType,true),StructField(end,LongType,true),StructField(score,DoubleType,true),StructField(strand,StringType,true),StructField(phase,IntegerType,true),StructField(attributes,StringType,true),StructField(dbx_Ref,ArrayType(StringType,true),true),StructField(is_Circular,BooleanType,true)))" time="0.059">
                                                 
                                               </testcase><testcase classname="io.projectglow.gff.GffReaderSuite" name="Read gff with user-specified schema containing attributesField" time="0.134">
                                                 
                                               </testcase><testcase classname="io.projectglow.gff.GffReaderSuite" name="Read gff with user-specified schema containing nonexistent column" time="0.094">
                                                 
                                               </testcase><testcase classname="io.projectglow.gff.GffReaderSuite" name="gff)" time="0.179">
                                                 
                                               </testcase><testcase classname="io.projectglow.gff.GffReaderSuite" name="gz)" time="0.155">
                                                 
                                               </testcase><testcase classname="io.projectglow.gff.GffReaderSuite" name="bgz)" time="0.141">
                                                 
                                               </testcase><testcase classname="io.projectglow.gff.GffReaderSuite" name="gz)" time="0.141">
                                                 
                                               </testcase><testcase classname="io.projectglow.gff.GffReaderSuite" name="Column pruning" time="0.167">
                                                 
                                               </testcase><testcase classname="io.projectglow.gff.GffReaderSuite" name="count" time="0.313">
                                                 
                                               </testcase><testcase classname="io.projectglow.gff.GffReaderSuite" name="Read gff glob" time="0.231">
                                                 
                                               </testcase><testcase classname="io.projectglow.gff.GffReaderSuite" name="Read empty gff" time="0.137">
                                                 
                                               </testcase><testcase classname="io.projectglow.gff.GffReaderSuite" name="GFF file format does not support writing" time="0.047">
                                                 
                                               </testcase>
                     <system-out><![CDATA[]]></system-out>
                     <system-err><![CDATA[]]></system-err>
                   </testsuite>