<?xml version='1.0' encoding='UTF-8'?>
<testsuite hostname="cloud122" name="io.projectglow.tertiary.VariantUtilExprsSuite" tests="56" errors="0" failures="0" skipped="0" time="1.364" timestamp="2023-11-03T13:36:27">
                     <properties>
[...]
</properties>
                     <testcase classname="io.projectglow.tertiary.VariantUtilExprsSuite" name="simple cases" time="0.04">
                                                 
                                               </testcase><testcase classname="io.projectglow.tertiary.VariantUtilExprsSuite" name="-1 if any -1 appears in call array" time="0.023">
                                                 
                                               </testcase><testcase classname="io.projectglow.tertiary.VariantUtilExprsSuite" name="-1 if call array is empty" time="0.022">
                                                 
                                               </testcase><testcase classname="io.projectglow.tertiary.VariantUtilExprsSuite" name="variant type (TestCase(,,Unknown))" time="0.0">
                                                 
                                               </testcase><testcase classname="io.projectglow.tertiary.VariantUtilExprsSuite" name="variant type (TestCase(ACG,ATG,Transition))" time="0.0">
                                                 
                                               </testcase><testcase classname="io.projectglow.tertiary.VariantUtilExprsSuite" name="variant type (TestCase(AG,ATG,Insertion))" time="0.0">
                                                 
                                               </testcase><testcase classname="io.projectglow.tertiary.VariantUtilExprsSuite" name="variant type (TestCase(AG,ATCTCAG,Insertion))" time="0.0">
                                                 
                                               </testcase><testcase classname="io.projectglow.tertiary.VariantUtilExprsSuite" name="variant type (TestCase(ATG,A,Deletion))" time="0.0">
                                                 
                                               </testcase><testcase classname="io.projectglow.tertiary.VariantUtilExprsSuite" name="variant type (TestCase(ACTGGGG,AG,Deletion))" time="0.001">
                                                 
                                               </testcase><testcase classname="io.projectglow.tertiary.VariantUtilExprsSuite" name="variant type (TestCase(A,*,SpanningDeletion))" time="0.0">
                                                 
                                               </testcase><testcase classname="io.projectglow.tertiary.VariantUtilExprsSuite" name="variant type (TestCase(A,C,Transversion))" time="0.0">
                                                 
                                               </testcase><testcase classname="io.projectglow.tertiary.VariantUtilExprsSuite" name="variant type (TestCase(A,G,Transition))" time="0.0">
                                                 
                                               </testcase><testcase classname="io.projectglow.tertiary.VariantUtilExprsSuite" name="variant type (TestCase(A,T,Transversion))" time="0.0">
                                                 
                                               </testcase><testcase classname="io.projectglow.tertiary.VariantUtilExprsSuite" name="variant type (TestCase(C,A,Transversion))" time="0.0">
                                                 
                                               </testcase><testcase classname="io.projectglow.tertiary.VariantUtilExprsSuite" name="variant type (TestCase(C,G,Transversion))" time="0.0">
                                                 
                                               </testcase><testcase classname="io.projectglow.tertiary.VariantUtilExprsSuite" name="variant type (TestCase(C,T,Transition))" time="0.001">
                                                 
                                               </testcase><testcase classname="io.projectglow.tertiary.VariantUtilExprsSuite" name="variant type (TestCase(G,A,Transition))" time="0.0">
                                                 
                                               </testcase><testcase classname="io.projectglow.tertiary.VariantUtilExprsSuite" name="variant type (TestCase(G,C,Transversion))" time="0.0">
                                                 
                                               </testcase><testcase classname="io.projectglow.tertiary.VariantUtilExprsSuite" name="variant type (TestCase(G,T,Transversion))" time="0.0">
                                                 
                                               </testcase><testcase classname="io.projectglow.tertiary.VariantUtilExprsSuite" name="variant type (TestCase(T,A,Transversion))" time="0.0">
                                                 
                                               </testcase><testcase classname="io.projectglow.tertiary.VariantUtilExprsSuite" name="variant type (TestCase(T,C,Transition))" time="0.0">
                                                 
                                               </testcase><testcase classname="io.projectglow.tertiary.VariantUtilExprsSuite" name="variant type (TestCase(T,G,Transversion))" time="0.0">
                                                 
                                               </testcase><testcase classname="io.projectglow.tertiary.VariantUtilExprsSuite" name="add struct field has correct schema" time="0.008">
                                                 
                                               </testcase><testcase classname="io.projectglow.tertiary.VariantUtilExprsSuite" name="add struct field has correct values" time="0.047">
                                                 
                                               </testcase><testcase classname="io.projectglow.tertiary.VariantUtilExprsSuite" name="hard calls (unphased)" time="0.058">
                                                 
                                               </testcase><testcase classname="io.projectglow.tertiary.VariantUtilExprsSuite" name="hard calls (unphased, below threshold)" time="0.035">
                                                 
                                               </testcase><testcase classname="io.projectglow.tertiary.VariantUtilExprsSuite" name="hard calls (phased, 1 below threshold)" time="0.042">
                                                 
                                               </testcase><testcase classname="io.projectglow.tertiary.VariantUtilExprsSuite" name="hard calls (phased, lower threshold)" time="0.033">
                                                 
                                               </testcase><testcase classname="io.projectglow.tertiary.VariantUtilExprsSuite" name="hard calls (phased, 2 alts)" time="0.035">
                                                 
                                               </testcase><testcase classname="io.projectglow.tertiary.VariantUtilExprsSuite" name="hard calls (phased 2 alts (2))" time="0.036">
                                                 
                                               </testcase><testcase classname="io.projectglow.tertiary.VariantUtilExprsSuite" name="hard calls (unphased, lower threshold)" time="0.034">
                                                 
                                               </testcase><testcase classname="io.projectglow.tertiary.VariantUtilExprsSuite" name="hard calls (unphased, 2 alts)" time="0.035">
                                                 
                                               </testcase><testcase classname="io.projectglow.tertiary.VariantUtilExprsSuite" name="hard calls (unphased, 2 alts (2))" time="0.035">
                                                 
                                               </testcase><testcase classname="io.projectglow.tertiary.VariantUtilExprsSuite" name="hard calls (unphased, 3 alts)" time="0.034">
                                                 
                                               </testcase><testcase classname="io.projectglow.tertiary.VariantUtilExprsSuite" name="hard calls (null probabilities)" time="0.035">
                                                 
                                               </testcase><testcase classname="io.projectglow.tertiary.VariantUtilExprsSuite" name="hard calls (null num alts)" time="0.036">
                                                 
                                               </testcase><testcase classname="io.projectglow.tertiary.VariantUtilExprsSuite" name="hard calls (null phasing)" time="0.036">
                                                 
                                               </testcase><testcase classname="io.projectglow.tertiary.VariantUtilExprsSuite" name="hard calls casts input" time="0.061">
                                                 
                                               </testcase><testcase classname="io.projectglow.tertiary.VariantUtilExprsSuite" name="hard calls threshold must be constant" time="0.006">
                                                 
                                               </testcase><testcase classname="io.projectglow.tertiary.VariantUtilExprsSuite" name="to/from sparse vector (List())" time="0.085">
                                                 
                                               </testcase><testcase classname="io.projectglow.tertiary.VariantUtilExprsSuite" name="0))" time="0.045">
                                                 
                                               </testcase><testcase classname="io.projectglow.tertiary.VariantUtilExprsSuite" name="to/from sparse vector (List(Infinity, -Infinity, NaN))" time="0.051">
                                                 
                                               </testcase><testcase classname="io.projectglow.tertiary.VariantUtilExprsSuite" name="14159))" time="0.046">
                                                 
                                               </testcase><testcase classname="io.projectglow.tertiary.VariantUtilExprsSuite" name="to/from dense vector (List())" time="0.057">
                                                 
                                               </testcase><testcase classname="io.projectglow.tertiary.VariantUtilExprsSuite" name="0))" time="0.039">
                                                 
                                               </testcase><testcase classname="io.projectglow.tertiary.VariantUtilExprsSuite" name="to/from dense vector (List(Infinity, -Infinity, NaN))" time="0.04">
                                                 
                                               </testcase><testcase classname="io.projectglow.tertiary.VariantUtilExprsSuite" name="14159))" time="0.04">
                                                 
                                               </testcase><testcase classname="io.projectglow.tertiary.VariantUtilExprsSuite" name="cast input when converting to vector" time="0.038">
                                                 
                                               </testcase><testcase classname="io.projectglow.tertiary.VariantUtilExprsSuite" name="0  ))" time="0.043">
                                                 
                                               </testcase><testcase classname="io.projectglow.tertiary.VariantUtilExprsSuite" name="0  ))" time="0.019">
                                                 
                                               </testcase><testcase classname="io.projectglow.tertiary.VariantUtilExprsSuite" name="0))" time="0.019">
                                                 
                                               </testcase><testcase classname="io.projectglow.tertiary.VariantUtilExprsSuite" name="0))" time="0.019">
                                                 
                                               </testcase><testcase classname="io.projectglow.tertiary.VariantUtilExprsSuite" name="explode matrix (null)" time="0.048">
                                                 
                                               </testcase><testcase classname="io.projectglow.tertiary.VariantUtilExprsSuite" name="subset struct" time="0.035">
                                                 
                                               </testcase><testcase classname="io.projectglow.tertiary.VariantUtilExprsSuite" name="expand struct only works on structs" time="0.004">
                                                 
                                               </testcase><testcase classname="io.projectglow.tertiary.VariantUtilExprsSuite" name="expand struct scala" time="0.043">
                                                 
                                               </testcase>
                     <system-out><![CDATA[]]></system-out>
                     <system-err><![CDATA[]]></system-err>
                   </testsuite>