<?xml version='1.0' encoding='UTF-8'?>
<testsuite hostname="cloud122" name="io.projectglow.vcf.TabixHelperSuite" tests="60" errors="0" failures="0" skipped="0" time="21.265" timestamp="2023-11-03T13:37:04">
                     <properties>
[...]
</properties>
                     <testcase classname="io.projectglow.vcf.TabixHelperSuite" name="getSmallestQueryInterval: non-overlapping start and end intervals" time="0.001">
                                                 
                                               </testcase><testcase classname="io.projectglow.vcf.TabixHelperSuite" name="getSmallestQueryInterval: non-overlapping touching" time="0.0">
                                                 
                                               </testcase><testcase classname="io.projectglow.vcf.TabixHelperSuite" name="getSmallestQueryInterval: overlapping by one" time="0.0">
                                                 
                                               </testcase><testcase classname="io.projectglow.vcf.TabixHelperSuite" name="getSmallestQueryInterval: overlapping by more than 1" time="0.0">
                                                 
                                               </testcase><testcase classname="io.projectglow.vcf.TabixHelperSuite" name="getSmallestQueryInterval: start after end" time="0.0">
                                                 
                                               </testcase><testcase classname="io.projectglow.vcf.TabixHelperSuite" name="getSmallestQueryInterval: start almost after end" time="0.0">
                                                 
                                               </testcase><testcase classname="io.projectglow.vcf.TabixHelperSuite" name="getSmallestQueryInterval: no start" time="0.0">
                                                 
                                               </testcase><testcase classname="io.projectglow.vcf.TabixHelperSuite" name="getSmallestQueryInterval: no end" time="0.0">
                                                 
                                               </testcase><testcase classname="io.projectglow.vcf.TabixHelperSuite" name="parseFilter: contig, start &lt;, end &gt;" time="0.0">
                                                 
                                               </testcase><testcase classname="io.projectglow.vcf.TabixHelperSuite" name="parseFilter: contig, start &lt;=, end &gt;=" time="0.0">
                                                 
                                               </testcase><testcase classname="io.projectglow.vcf.TabixHelperSuite" name="parseFilter: contig, start &gt;=, end &lt;=" time="0.0">
                                                 
                                               </testcase><testcase classname="io.projectglow.vcf.TabixHelperSuite" name="parseFilter: contig, start &gt;, end &lt;" time="0.001">
                                                 
                                               </testcase><testcase classname="io.projectglow.vcf.TabixHelperSuite" name="parseFilter: contig, start =, end =" time="0.0">
                                                 
                                               </testcase><testcase classname="io.projectglow.vcf.TabixHelperSuite" name="parseFilter: No contig, No Start, No End" time="0.0">
                                                 
                                               </testcase><testcase classname="io.projectglow.vcf.TabixHelperSuite" name="parseFilter: inconsistent contig" time="0.0">
                                                 
                                               </testcase><testcase classname="io.projectglow.vcf.TabixHelperSuite" name="parseFilter: unsupported conditions on contig" time="0.001">
                                                 
                                               </testcase><testcase classname="io.projectglow.vcf.TabixHelperSuite" name="parseFilter: And with equals" time="0.0">
                                                 
                                               </testcase><testcase classname="io.projectglow.vcf.TabixHelperSuite" name="parseFilter: And with inequalities non-overlapping" time="0.0">
                                                 
                                               </testcase><testcase classname="io.projectglow.vcf.TabixHelperSuite" name="parseFilter: Or with equals" time="0.0">
                                                 
                                               </testcase><testcase classname="io.projectglow.vcf.TabixHelperSuite" name="parseFilter: Or with inequalities non-overlapping" time="0.001">
                                                 
                                               </testcase><testcase classname="io.projectglow.vcf.TabixHelperSuite" name="parseFilter: Or with inequalities non-overlapping touching" time="0.0">
                                                 
                                               </testcase><testcase classname="io.projectglow.vcf.TabixHelperSuite" name="parseFilter: Or with inequalities overlapping" time="0.0">
                                                 
                                               </testcase><testcase classname="io.projectglow.vcf.TabixHelperSuite" name="parseFilter: Or with inequalities overlapping reverse" time="0.0">
                                                 
                                               </testcase><testcase classname="io.projectglow.vcf.TabixHelperSuite" name="parseFilter: And nested in Or" time="0.0">
                                                 
                                               </testcase><testcase classname="io.projectglow.vcf.TabixHelperSuite" name="parseFilter: And nested in Or nested in Or" time="0.0">
                                                 
                                               </testcase><testcase classname="io.projectglow.vcf.TabixHelperSuite" name="makeFilteredInterval: start and end intervals non-overlapping" time="0.0">
                                                 
                                               </testcase><testcase classname="io.projectglow.vcf.TabixHelperSuite" name="makeFilteredInterval: start and end intervals non-overlapping touching" time="0.0">
                                                 
                                               </testcase><testcase classname="io.projectglow.vcf.TabixHelperSuite" name="makeFilteredInterval: start and end intervals non-overlapping by 1" time="0.0">
                                                 
                                               </testcase><testcase classname="io.projectglow.vcf.TabixHelperSuite" name="makeFilteredInterval: start and end intervals overlapping more than 1" time="0.0">
                                                 
                                               </testcase><testcase classname="io.projectglow.vcf.TabixHelperSuite" name="makeFilteredInterval: start after end" time="0.001">
                                                 
                                               </testcase><testcase classname="io.projectglow.vcf.TabixHelperSuite" name="makeFilteredInterval: start almost after end" time="0.0">
                                                 
                                               </testcase><testcase classname="io.projectglow.vcf.TabixHelperSuite" name="makeFilteredInterval: no contig" time="0.0">
                                                 
                                               </testcase><testcase classname="io.projectglow.vcf.TabixHelperSuite" name="makeFilteredInterval: inconsistent contig" time="0.0">
                                                 
                                               </testcase><testcase classname="io.projectglow.vcf.TabixHelperSuite" name="makeFilteredInterval: no start" time="0.0">
                                                 
                                               </testcase><testcase classname="io.projectglow.vcf.TabixHelperSuite" name="makeFilteredInterval: no end" time="0.0">
                                                 
                                               </testcase><testcase classname="io.projectglow.vcf.TabixHelperSuite" name="useFilterParser = false while useTabixIndex = true" time="0.071">
                                                 
                                               </testcase><testcase classname="io.projectglow.vcf.TabixHelperSuite" name="no filter" time="0.852">
                                                 
                                               </testcase><testcase classname="io.projectglow.vcf.TabixHelperSuite" name="invalid BGZ" time="0.18">
                                                 
                                               </testcase><testcase classname="io.projectglow.vcf.TabixHelperSuite" name="No index file found" time="0.108">
                                                 
                                               </testcase><testcase classname="io.projectglow.vcf.TabixHelperSuite" name="gzip files" time="0.002">
                                                 
                                               </testcase><testcase classname="io.projectglow.vcf.TabixHelperSuite" name="Parser/Tabix vs Not (contigName= '20' and start &gt; 0)" time="1.83">
                                                 
                                               </testcase><testcase classname="io.projectglow.vcf.TabixHelperSuite" name="Parser/Tabix vs Not (contigName= '20' and start &gt;= 0)" time="1.616">
                                                 
                                               </testcase><testcase classname="io.projectglow.vcf.TabixHelperSuite" name="Parser/Tabix vs Not (contigName= '20' and start &gt; -1)" time="1.563">
                                                 
                                               </testcase><testcase classname="io.projectglow.vcf.TabixHelperSuite" name="Parser/Tabix vs Not (contigName= '20' and start = 10004193 and end &gt; -12)" time="1.284">
                                                 
                                               </testcase><testcase classname="io.projectglow.vcf.TabixHelperSuite" name="Parser/Tabix vs Not (contigName= '20' and start &gt; 10004193)" time="1.177">
                                                 
                                               </testcase><testcase classname="io.projectglow.vcf.TabixHelperSuite" name="Parser/Tabix vs Not (contigName= '20' and start &gt;= 10004193)" time="1.175">
                                                 
                                               </testcase><testcase classname="io.projectglow.vcf.TabixHelperSuite" name="Parser/Tabix vs Not (contigName= '20' and start &lt;= 10004768 and end &gt;= 10004779)" time="0.931">
                                                 
                                               </testcase><testcase classname="io.projectglow.vcf.TabixHelperSuite" name="Parser/Tabix vs Not (contigName= '20' and start &lt;= 10004768 and end &gt; 10004779)" time="0.832">
                                                 
                                               </testcase><testcase classname="io.projectglow.vcf.TabixHelperSuite" name="Parser/Tabix vs Not (contigName= '20' and start &lt; 10004768 and end &gt;= 10004779)" time="0.855">
                                                 
                                               </testcase><testcase classname="io.projectglow.vcf.TabixHelperSuite" name="Parser/Tabix vs Not (contigName= '20' and start &gt; 10001433 and end &lt; 10001445)" time="0.901">
                                                 
                                               </testcase><testcase classname="io.projectglow.vcf.TabixHelperSuite" name="Parser/Tabix vs Not (contigName = '20' and ((start&gt;10004223 and end &lt;10004500) or (start &gt; 10003500 and end &lt; 10004000)))" time="1.19">
                                                 
                                               </testcase><testcase classname="io.projectglow.vcf.TabixHelperSuite" name="Parser/Tabix vs Not (contigName= '20' and ((start&gt;10004223 and end &lt;10004500) or (start &gt; 10003500 and end &lt; 10004000) or (end= 10004725)))" time="1.208">
                                                 
                                               </testcase><testcase classname="io.projectglow.vcf.TabixHelperSuite" name="Parser/Tabix vs Not (contigName= '20' and (start=10000211 or end=10003817))" time="0.994">
                                                 
                                               </testcase><testcase classname="io.projectglow.vcf.TabixHelperSuite" name="Parser/Tabix vs Not (contigName= '20' and ((start&gt;10004223 and end &lt;10004500) or (start &gt; 10003500 and end &lt; 10004000)) and contigName='20')" time="1.141">
                                                 
                                               </testcase><testcase classname="io.projectglow.vcf.TabixHelperSuite" name="Parser/Tabix vs Not (contigName= '20' and (not(start&gt;10004223 and end &lt;10004500) or not(start &gt; 10003500 and end &lt; 10004000)))" time="1.704">
                                                 
                                               </testcase><testcase classname="io.projectglow.vcf.TabixHelperSuite" name="Do not try to read index files" time="0.0">
                                                 
                                               </testcase><testcase classname="io.projectglow.vcf.TabixHelperSuite" name="Overlapping partitions and tabix offsets" time="0.005">
                                                 
                                               </testcase><testcase classname="io.projectglow.vcf.TabixHelperSuite" name="Check if partition includes BGZF block start" time="0.002">
                                                 
                                               </testcase><testcase classname="io.projectglow.vcf.TabixHelperSuite" name="Small partitions" time="1.596">
                                                 
                                               </testcase><testcase classname="io.projectglow.vcf.TabixHelperSuite" name="Get all of BGZIP block even if file partition ends partway through" time="0.043">
                                                 
                                               </testcase>
                     <system-out><![CDATA[]]></system-out>
                     <system-err><![CDATA[]]></system-err>
                   </testsuite>