<?xml version='1.0' encoding='UTF-8'?>
<testsuite hostname="cloud122" name="io.projectglow.vcf.VCFSchemaInferrerSuite" tests="34" errors="0" failures="0" skipped="0" time="0.623" timestamp="2023-11-03T13:36:22">
                     <properties>
[...]
</properties>
                     <testcase classname="io.projectglow.vcf.VCFSchemaInferrerSuite" name="includes base fields" time="0.0">
                                                 
                                               </testcase><testcase classname="io.projectglow.vcf.VCFSchemaInferrerSuite" name="includes attributes field if not flattening info fields" time="0.0">
                                                 
                                               </testcase><testcase classname="io.projectglow.vcf.VCFSchemaInferrerSuite" name="sampleId field (true)" time="0.0">
                                                 
                                               </testcase><testcase classname="io.projectglow.vcf.VCFSchemaInferrerSuite" name="sampleId field (false)" time="0.0">
                                                 
                                               </testcase><testcase classname="io.projectglow.vcf.VCFSchemaInferrerSuite" name="flatten info field (VCFField(Character,None,StringType,descriptionOne))" time="0.001">
                                                 
                                               </testcase><testcase classname="io.projectglow.vcf.VCFSchemaInferrerSuite" name="flatten info field (VCFField(String,None,StringType,descriptionTwo))" time="0.001">
                                                 
                                               </testcase><testcase classname="io.projectglow.vcf.VCFSchemaInferrerSuite" name="flatten info field (VCFField(Integer,None,IntegerType,descriptionThree))" time="0.0">
                                                 
                                               </testcase><testcase classname="io.projectglow.vcf.VCFSchemaInferrerSuite" name="flatten info field (VCFField(Float,None,DoubleType,descriptionFour))" time="0.0">
                                                 
                                               </testcase><testcase classname="io.projectglow.vcf.VCFSchemaInferrerSuite" name="flatten info field (VCFField(Flag,None,BooleanType,descriptionFive))" time="0.0">
                                                 
                                               </testcase><testcase classname="io.projectglow.vcf.VCFSchemaInferrerSuite" name="flatten info field (VCFField(String,Some(G),ArrayType(StringType,true),descriptionSix))" time="0.0">
                                                 
                                               </testcase><testcase classname="io.projectglow.vcf.VCFSchemaInferrerSuite" name="flatten info field (VCFField(Integer,Some(G),ArrayType(IntegerType,true),descriptionSeven))" time="0.0">
                                                 
                                               </testcase><testcase classname="io.projectglow.vcf.VCFSchemaInferrerSuite" name="flatten info field (VCFField(Float,Some(G),ArrayType(DoubleType,true),descriptionEight))" time="0.0">
                                                 
                                               </testcase><testcase classname="io.projectglow.vcf.VCFSchemaInferrerSuite" name="infer format fields (VCFField(Character,None,StringType,descriptionOne))" time="0.001">
                                                 
                                               </testcase><testcase classname="io.projectglow.vcf.VCFSchemaInferrerSuite" name="infer format fields (VCFField(String,None,StringType,descriptionTwo))" time="0.001">
                                                 
                                               </testcase><testcase classname="io.projectglow.vcf.VCFSchemaInferrerSuite" name="infer format fields (VCFField(Integer,None,IntegerType,descriptionThree))" time="0.0">
                                                 
                                               </testcase><testcase classname="io.projectglow.vcf.VCFSchemaInferrerSuite" name="infer format fields (VCFField(Float,None,DoubleType,descriptionFour))" time="0.0">
                                                 
                                               </testcase><testcase classname="io.projectglow.vcf.VCFSchemaInferrerSuite" name="infer format fields (VCFField(String,Some(G),ArrayType(StringType,true),descriptionSix))" time="0.0">
                                                 
                                               </testcase><testcase classname="io.projectglow.vcf.VCFSchemaInferrerSuite" name="infer format fields (VCFField(Integer,Some(G),ArrayType(IntegerType,true),descriptionSeven))" time="0.0">
                                                 
                                               </testcase><testcase classname="io.projectglow.vcf.VCFSchemaInferrerSuite" name="infer format fields (VCFField(Float,Some(G),ArrayType(DoubleType,true),descriptionEight))" time="0.0">
                                                 
                                               </testcase><testcase classname="io.projectglow.vcf.VCFSchemaInferrerSuite" name="validate headers" time="0.0">
                                                 
                                               </testcase><testcase classname="io.projectglow.vcf.VCFSchemaInferrerSuite" name="to and from schema (ToFromSchemaTestCase(List(INFO=&lt;ID=a,Number=14,Type=String,Description=&quot;&quot;&gt;),List(FORMAT=&lt;ID=b,Number=1,Type=String,Description=&quot;&quot;&gt;)))" time="0.001">
                                                 
                                               </testcase><testcase classname="io.projectglow.vcf.VCFSchemaInferrerSuite" name="to and from schema (ToFromSchemaTestCase(List(INFO=&lt;ID=a,Number=A,Type=String,Description=&quot;&quot;&gt;),List(FORMAT=&lt;ID=a,Number=A,Type=String,Description=&quot;&quot;&gt;)))" time="0.0">
                                                 
                                               </testcase><testcase classname="io.projectglow.vcf.VCFSchemaInferrerSuite" name=",Type=Integer,Description=&quot;&quot;&gt;)))" time="0.0">
                                                 
                                               </testcase><testcase classname="io.projectglow.vcf.VCFSchemaInferrerSuite" name="to and from schema (ToFromSchemaTestCase(List(INFO=&lt;ID=monkey,Number=0,Type=Flag,Description=&quot;&quot;&gt;),List()))" time="0.001">
                                                 
                                               </testcase><testcase classname="io.projectglow.vcf.VCFSchemaInferrerSuite" name="to and from schema (ToFromSchemaTestCase(List(INFO=&lt;ID=PL,Number=0,Type=Flag,Description=&quot;&quot;&gt;),List()))" time="0.0">
                                                 
                                               </testcase><testcase classname="io.projectglow.vcf.VCFSchemaInferrerSuite" name="to and from schema (ToFromSchemaTestCase(List(),List()))" time="0.0">
                                                 
                                               </testcase><testcase classname="io.projectglow.vcf.VCFSchemaInferrerSuite" name="to and from schema (ToFromSchemaTestCase(List(INFO=&lt;ID=a,Number=G,Type=Float,Description=&quot;&quot;&gt;),List(FORMAT=&lt;ID=b,Number=R,Type=Float,Description=&quot;&quot;&gt;)))" time="0.001">
                                                 
                                               </testcase><testcase classname="io.projectglow.vcf.VCFSchemaInferrerSuite" name="include count metadata (non-integer)" time="0.0">
                                                 
                                               </testcase><testcase classname="io.projectglow.vcf.VCFSchemaInferrerSuite" name="include count metadata (integer" time="0.001">
                                                 
                                               </testcase><testcase classname="io.projectglow.vcf.VCFSchemaInferrerSuite" name="counts for fields without metadata" time="0.0">
                                                 
                                               </testcase><testcase classname="io.projectglow.vcf.VCFSchemaInferrerSuite" name="don't include sample ids or otherFields" time="0.0">
                                                 
                                               </testcase><testcase classname="io.projectglow.vcf.VCFSchemaInferrerSuite" name="don't return same key multiple times" time="0.001">
                                                 
                                               </testcase><testcase classname="io.projectglow.vcf.VCFSchemaInferrerSuite" name="CSQ" time="0.531">
                                                 
                                               </testcase><testcase classname="io.projectglow.vcf.VCFSchemaInferrerSuite" name="ANN" time="0.083">
                                                 
                                               </testcase>
                     <system-out><![CDATA[]]></system-out>
                     <system-err><![CDATA[]]></system-err>
                   </testsuite>