<?xml version='1.0' encoding='UTF-8'?>
<testsuite hostname="cloud122" name="io.projectglow.tertiary.LinearRegressionSuite" tests="11" errors="0" failures="0" skipped="0" time="0.601" timestamp="2023-11-03T13:36:28">
                     <properties>
[...]
</properties>
                     <testcase classname="io.projectglow.tertiary.LinearRegressionSuite" name="against R glm" time="0.07">
                                                 
                                               </testcase><testcase classname="io.projectglow.tertiary.LinearRegressionSuite" name="against R glm (Apache OLS)" time="0.015">
                                                 
                                               </testcase><testcase classname="io.projectglow.tertiary.LinearRegressionSuite" name="intercept only, 1 site" time="0.003">
                                                 
                                               </testcase><testcase classname="io.projectglow.tertiary.LinearRegressionSuite" name="intercept only, many sites" time="0.017">
                                                 
                                               </testcase><testcase classname="io.projectglow.tertiary.LinearRegressionSuite" name="many covariates, many sites" time="0.049">
                                                 
                                               </testcase><testcase classname="io.projectglow.tertiary.LinearRegressionSuite" name="many covariates, many sites, with spark" time="0.271">
                                                 
                                               </testcase><testcase classname="io.projectglow.tertiary.LinearRegressionSuite" name="multiple phenotypes" time="0.07">
                                                 
                                               </testcase><testcase classname="io.projectglow.tertiary.LinearRegressionSuite" name="large or NaN p value if genotypes are in covariate span" time="0.007">
                                                 
                                               </testcase><testcase classname="io.projectglow.tertiary.LinearRegressionSuite" name="throws exception if more covariates than samples" time="0.055">
                                                 
                                               </testcase><testcase classname="io.projectglow.tertiary.LinearRegressionSuite" name="throws exception if number of genotypes and phenotypes do not match" time="0.023">
                                                 
                                               </testcase><testcase classname="io.projectglow.tertiary.LinearRegressionSuite" name="throws exception if number of samples does not match between genotypes and covariates" time="0.021">
                                                 
                                               </testcase>
                     <system-out><![CDATA[]]></system-out>
                     <system-err><![CDATA[]]></system-err>
                   </testsuite>