<?xml version='1.0' encoding='UTF-8'?>
<testsuite hostname="cloud122" name="io.projectglow.transformers.LiftOverVariantsTransformerSuite" tests="17" errors="0" failures="0" skipped="0" time="9.539" timestamp="2023-11-03T13:37:27">
                     <properties>
[...]
</properties>
                     <testcase classname="io.projectglow.transformers.LiftOverVariantsTransformerSuite" name="Basic" time="2.369">
                                                 
                                               </testcase><testcase classname="io.projectglow.transformers.LiftOverVariantsTransformerSuite" name="Some failures" time="2.302">
                                                 
                                               </testcase><testcase classname="io.projectglow.transformers.LiftOverVariantsTransformerSuite" name="Don't change original fields" time="1.104">
                                                 
                                               </testcase><testcase classname="io.projectglow.transformers.LiftOverVariantsTransformerSuite" name="Try lifting with insufficient fields, drop StructField(contigName,StringType,true)" time="0.005">
                                                 
                                               </testcase><testcase classname="io.projectglow.transformers.LiftOverVariantsTransformerSuite" name="Try lifting with insufficient fields, drop StructField(start,LongType,true)" time="0.004">
                                                 
                                               </testcase><testcase classname="io.projectglow.transformers.LiftOverVariantsTransformerSuite" name="Try lifting with insufficient fields, drop StructField(end,LongType,true)" time="0.004">
                                                 
                                               </testcase><testcase classname="io.projectglow.transformers.LiftOverVariantsTransformerSuite" name="Try lifting with insufficient fields, drop StructField(referenceAllele,StringType,true)" time="0.004">
                                                 
                                               </testcase><testcase classname="io.projectglow.transformers.LiftOverVariantsTransformerSuite" name="vcf" time="0.428">
                                                 
                                               </testcase><testcase classname="io.projectglow.transformers.LiftOverVariantsTransformerSuite" name="vcf" time="0.373">
                                                 
                                               </testcase><testcase classname="io.projectglow.transformers.LiftOverVariantsTransformerSuite" name="vcf" time="0.43">
                                                 
                                               </testcase><testcase classname="io.projectglow.transformers.LiftOverVariantsTransformerSuite" name="Simple indels" time="0.482">
                                                 
                                               </testcase><testcase classname="io.projectglow.transformers.LiftOverVariantsTransformerSuite" name="Indel flip" time="0.407">
                                                 
                                               </testcase><testcase classname="io.projectglow.transformers.LiftOverVariantsTransformerSuite" name="Missing chain file" time="0.059">
                                                 
                                               </testcase><testcase classname="io.projectglow.transformers.LiftOverVariantsTransformerSuite" name="Missing reference file" time="0.201">
                                                 
                                               </testcase><testcase classname="io.projectglow.transformers.LiftOverVariantsTransformerSuite" name="No matching refseq" time="0.457">
                                                 
                                               </testcase><testcase classname="io.projectglow.transformers.LiftOverVariantsTransformerSuite" name="Reverse complemented bases don't match new reference" time="0.448">
                                                 
                                               </testcase><testcase classname="io.projectglow.transformers.LiftOverVariantsTransformerSuite" name="Arrays flipped during ref/alt swap" time="0.462">
                                                 
                                               </testcase>
                     <system-out><![CDATA[]]></system-out>
                     <system-err><![CDATA[]]></system-err>
                   </testsuite>